2025-05-29 12:55:13,374 - INFO - Encontrados 82 repositórios já clonados.
2025-05-29 12:55:13,374 - INFO - Buscando repositórios populares (página 5)...
2025-05-29 12:55:16,399 - INFO - Encontrados 50 repositórios na página 5.
2025-05-29 12:55:17,681 - INFO - Clonando permissions-dispatcher/PermissionsDispatcher...
2025-05-29 12:55:25,676 - INFO - Repositório permissions-dispatcher/PermissionsDispatcher clonado com sucesso.
2025-05-29 12:55:25,677 - INFO - Progresso: 1/10 repositórios clonados.
2025-05-29 12:55:28,713 - INFO - Clonando jhy/jsoup...
2025-05-29 12:55:41,721 - INFO - Repositório jhy/jsoup clonado com sucesso.
2025-05-29 12:55:41,722 - INFO - Progresso: 2/10 repositórios clonados.
2025-05-29 12:55:44,553 - INFO - Clonando mission-peace/interview...
2025-05-29 12:55:53,054 - INFO - Repositório mission-peace/interview clonado com sucesso.
2025-05-29 12:55:53,055 - INFO - Progresso: 3/10 repositórios clonados.
2025-05-29 12:55:56,440 - INFO - Clonando apereo/cas...
2025-05-29 13:00:44,645 - ERROR - Erro ao clonar apereo/cas: Cloning into '../data/repositories\apereo_cas'...
error: unable to create file api/cas-server-core-api-configuration-model/src/main/java/org/apereo/cas/configuration/model/core/authentication/RegisteredServiceAuthenticationHandlerResolutionProperties.java: Filename too long
error: unable to create file api/cas-server-core-api-configuration-model/src/main/java/org/apereo/cas/configuration/model/core/authentication/policy/RequiredAttributesAuthenticationPolicyProperties.java: Filename too long
error: unable to create file api/cas-server-core-api-configuration-model/src/main/java/org/apereo/cas/configuration/model/core/authentication/policy/RequiredAuthenticationHandlerAuthenticationPolicyProperties.java: Filename too long
error: unable to create file api/cas-server-core-api-configuration-model/src/main/java/org/apereo/cas/configuration/model/core/authentication/risk/RiskBasedAuthenticationDeviceFingerprintProperties.java: Filename too long
error: unable to create file api/cas-server-core-api-configuration-model/src/main/java/org/apereo/cas/configuration/model/support/account/provision/AccountManagementRegistrationProvisioningProperties.java: Filename too long
error: unable to create file api/cas-server-core-api-configuration-model/src/main/java/org/apereo/cas/configuration/model/support/account/provision/GroovyAccountManagementRegistrationProvisioningProperties.java: Filename too long
error: unable to create file api/cas-server-core-api-configuration-model/src/main/java/org/apereo/cas/configuration/model/support/account/provision/RestfulAccountManagementRegistrationProvisioningProperties.java: Filename too long
error: unable to create file api/cas-server-core-api-configuration-model/src/main/java/org/apereo/cas/configuration/model/support/account/provision/ScimAccountManagementRegistrationProvisioningProperties.java: Filename too long
Updating files:   3% (409/11575)
error: unable to create file api/cas-server-core-api-configuration-model/src/main/java/org/apereo/cas/configuration/model/support/hazelcast/discovery/HazelcastGoogleCloudPlatformDiscoveryProperties.java: Filename too long
Updating files:   4% (463/11575)
error: unable to create file api/cas-server-core-api-configuration-model/src/main/java/org/apereo/cas/configuration/model/support/mfa/duo/DuoSecurityMultifactorAuthenticationRegistrationProperties.java: Filename too long
error: unable to create file api/cas-server-core-api-configuration-model/src/main/java/org/apereo/cas/configuration/model/support/mfa/simple/RestfulCasSimpleMultifactorAuthenticationTokenProperties.java: Filename too long
error: unable to create file api/cas-server-core-api-configuration-model/src/main/java/org/apereo/cas/configuration/model/support/mfa/webauthn/WebAuthnMultifactorAttestationTrustSourceFidoProperties.java: Filename too long
Updating files:   5% (579/11575)
error: unable to create file api/cas-server-core-api-configuration-model/src/main/java/org/apereo/cas/configuration/model/support/pac4j/Pac4jDelegatedAuthenticationDiscoverySelectionJsonProperties.java: Filename too long
error: unable to create file api/cas-server-core-api-configuration-model/src/main/java/org/apereo/cas/configuration/model/support/passwordless/account/PasswordlessAuthenticationGroovyAccountsProperties.java: Filename too long
error: unable to create file api/cas-server-core-api-configuration-model/src/main/java/org/apereo/cas/configuration/model/support/passwordless/account/PasswordlessAuthenticationJsonAccountsProperties.java: Filename too long
error: unable to create file api/cas-server-core-api-configuration-model/src/main/java/org/apereo/cas/configuration/model/support/passwordless/account/PasswordlessAuthenticationLdapAccountsProperties.java: Filename too long
error: unable to create file api/cas-server-core-api-configuration-model/src/main/java/org/apereo/cas/configuration/model/support/passwordless/account/PasswordlessAuthenticationMongoDbAccountsProperties.java: Filename too long
error: unable to create file api/cas-server-core-api-configuration-model/src/main/java/org/apereo/cas/configuration/model/support/passwordless/account/PasswordlessAuthenticationRestAccountsProperties.java: Filename too long
error: unable to create file api/cas-server-core-api-configuration-model/src/main/java/org/apereo/cas/configuration/model/support/passwordless/account/PasswordlessAuthenticationSyncopeAccountsProperties.java: Filename too long
error: unable to create file api/cas-server-core-api-configuration-model/src/main/java/org/apereo/cas/configuration/model/support/passwordless/token/PasswordlessAuthenticationMongoDbTokensProperties.java: Filename too long
Updating files:   6% (695/11575)
error: unable to create file api/cas-server-core-api-configuration-model/src/main/java/org/apereo/cas/configuration/model/support/syncope/SyncopeAccountManagementRegistrationProvisioningProperties.java: Filename too long
Updating files:   6% (788/11575)
Updating files:   7% (811/11575)
Updating files:   8% (926/11575)
Updating files:   9% (1042/11575)
Updating files:  10% (1158/11575)
Updating files:  10% (1160/11575)
Updating files:  11% (1274/11575)
Updating files:  12% (1389/11575)
Updating files:  13% (1505/11575)
Updating files:  13% (1515/11575)
Updating files:  14% (1621/11575)
Updating files:  15% (1737/11575)
Updating files:  16% (1852/11575)
Updating files:  16% (1915/11575)
Updating files:  17% (1968/11575)
Updating files:  18% (2084/11575)
Updating files:  19% (2200/11575)
Updating files:  20% (2315/11575)
Updating files:  21% (2431/11575)
Updating files:  22% (2547/11575)
Updating files:  23% (2663/11575)
Updating files:  23% (2723/11575)
Updating files:  24% (2778/11575)
Updating files:  25% (2894/11575)
Updating files:  26% (3010/11575)
Updating files:  27% (3126/11575)
Updating files:  27% (3128/11575)
Updating files:  28% (3241/11575)
Updating files:  29% (3357/11575)
error: unable to create file core/cas-server-core-authentication-mfa-api/src/main/java/org/apereo/cas/authentication/bypass/RegisteredServicePrincipalAttributeMultifactorAuthenticationProviderBypassEvaluator.java: Filename too long
error: unable to create file core/cas-server-core-authentication-mfa-api/src/main/java/org/apereo/cas/authentication/mfa/trigger/RegisteredServicePrincipalAttributeMultifactorAuthenticationTrigger.java: Filename too long
error: unable to create file core/cas-server-core-authentication-mfa-api/src/test/java/org/apereo/cas/authentication/mfa/bypass/audit/MultifactorAuthenticationProviderBypassAuditResourceResolverTests.java: Filename too long
Updating files:  30% (3473/11575)
Updating files:  30% (3497/11575)
error: unable to create file core/cas-server-core-authentication-mfa/src/test/java/org/apereo/cas/authentication/bypass/RegisteredServicePrincipalAttributeMultifactorAuthenticationProviderBypassEvaluatorTests.java: Filename too long
error: unable to create file core/cas-server-core-authentication-mfa/src/test/java/org/apereo/cas/authentication/mfa/trigger/RegisteredServicePrincipalAttributeMultifactorAuthenticationTriggerTests.java: Filename too long
Updating files:  31% (3589/11575)
Updating files:  32% (3704/11575)
Updating files:  32% (3728/11575)
Updating files:  33% (3820/11575)
Updating files:  34% (3936/11575)
Updating files:  35% (4052/11575)
Updating files:  35% (4089/11575)
Updating files:  36% (4167/11575)
Updating files:  37% (4283/11575)
Updating files:  38% (4399/11575)
Updating files:  38% (4499/11575)
Updating files:  39% (4515/11575)
Updating files:  40% (4630/11575)
Updating files:  41% (4746/11575)
Updating files:  41% (4844/11575)
Updating files:  42% (4862/11575)
Updating files:  43% (4978/11575)
Updating files:  44% (5093/11575)
Updating files:  45% (5209/11575)
Updating files:  46% (5325/11575)
Updating files:  46% (5356/11575)
Updating files:  47% (5441/11575)
Updating files:  48% (5556/11575)
Updating files:  49% (5672/11575)
Updating files:  50% (5788/11575)
Updating files:  50% (5791/11575)
Updating files:  51% (5904/11575)
Updating files:  52% (6019/11575)
Updating files:  52% (6033/11575)
error: unable to create file support/cas-server-support-configuration-cloud-gcp-secretsmanager/src/main/java/org/apereo/cas/config/CasGoogleCloudSecretsManagerCloudConfigBootstrapAutoConfiguration.java: Filename too long
Updating files:  53% (6135/11575)
error: unable to create file support/cas-server-support-configuration-metadata-repository/src/main/java/org/springframework/boot/configurationmetadata/CasConfigurationMetadataRepositoryJsonBuilder.java: Filename too long
Updating files:  53% (6231/11575)
Updating files:  54% (6251/11575)
Updating files:  55% (6367/11575)
Updating files:  55% (6464/11575)
Updating files:  56% (6482/11575)
Updating files:  57% (6598/11575)
Updating files:  57% (6672/11575)
Updating files:  58% (6714/11575)
Updating files:  59% (6830/11575)
Updating files:  59% (6880/11575)
Updating files:  60% (6945/11575)
Updating files:  61% (7061/11575)
Updating files:  61% (7146/11575)
Updating files:  62% (7177/11575)
Updating files:  63% (7293/11575)
Updating files:  63% (7400/11575)
Updating files:  64% (7408/11575)
Updating files:  65% (7524/11575)
error: unable to create file support/cas-server-support-oauth-core-api/src/main/java/org/apereo/cas/support/oauth/validator/authorization/OAuth20AuthorizationCodeResponseTypeAuthorizationRequestValidator.java: Filename too long
error: unable to create file support/cas-server-support-oauth-core-api/src/main/java/org/apereo/cas/support/oauth/validator/authorization/OAuth20IdTokenAndTokenResponseTypeAuthorizationRequestValidator.java: Filename too long
error: unable to create file support/cas-server-support-oauth-core-api/src/main/java/org/apereo/cas/support/oauth/validator/authorization/OAuth20ProofKeyCodeExchangeResponseTypeAuthorizationRequestValidator.java: Filename too long
error: unable to create file support/cas-server-support-oauth-core-api/src/main/java/org/apereo/cas/support/oauth/validator/token/OAuth20AuthorizationCodeGrantTypeProofKeyCodeExchangeTokenRequestValidator.java: Filename too long
error: unable to create file support/cas-server-support-oauth-core-api/src/main/java/org/apereo/cas/support/oauth/web/response/accesstoken/ext/AccessTokenProofKeyCodeExchangeAuthorizationCodeGrantRequestExtractor.java: Filename too long
error: unable to create file support/cas-server-support-oauth-core-api/src/main/java/org/apereo/cas/support/oauth/web/response/accesstoken/response/OAuth20RegisteredServiceJwtAccessTokenCipherExecutor.java: Filename too long
Updating files:  66% (7640/11575)
Updating files:  66% (7719/11575)
Updating files:  67% (7756/11575)
error: unable to create file support/cas-server-support-oauth/src/test/java/org/apereo/cas/support/oauth/validator/authorization/OAuth20AuthorizationCodeResponseTypeAuthorizationRequestValidatorTests.java: Filename too long
error: unable to create file support/cas-server-support-oauth/src/test/java/org/apereo/cas/support/oauth/validator/authorization/OAuth20IdTokenAndTokenResponseTypeAuthorizationRequestValidatorTests.java: Filename too long
error: unable to create file support/cas-server-support-oauth/src/test/java/org/apereo/cas/support/oauth/validator/authorization/OAuth20ProofKeyCodeExchangeResponseTypeAuthorizationRequestValidatorTests.java: Filename too long
error: unable to create file support/cas-server-support-oauth/src/test/java/org/apereo/cas/support/oauth/web/response/accesstoken/ext/AccessTokenProofKeyCodeExchangeAuthorizationCodeGrantRequestExtractorTests.java: Filename too long
Updating files:  68% (7871/11575)
error: unable to create file support/cas-server-support-oauth/src/test/java/org/apereo/cas/support/oauth/web/response/accesstoken/response/OAuth20RegisteredServiceJwtAccessTokenCipherExecutorTests.java: Filename too long
Updating files:  69% (7987/11575)
Updating files:  69% (8069/11575)
Updating files:  70% (8103/11575)
Updating files:  71% (8219/11575)
Updating files:  72% (8334/11575)
Updating files:  72% (8364/11575)
Updating files:  73% (8450/11575)
Updating files:  74% (8566/11575)
Updating files:  74% (8632/11575)
Updating files:  75% (8682/11575)
Updating files:  76% (8797/11575)
Updating files:  77% (8913/11575)
Updating files:  77% (8948/11575)
Updating files:  78% (9029/11575)
Updating files:  79% (9145/11575)
Updating files:  79% (9214/11575)
Updating files:  80% (9260/11575)
Updating files:  81% (9376/11575)
error: unable to create file support/cas-server-support-saml-idp-metadata/src/main/java/org/apereo/cas/support/saml/services/idp/metadata/plan/SamlRegisteredServiceMetadataResolutionPlanConfigurer.java: Filename too long
error: unable to create file support/cas-server-support-saml-idp-metadata/src/test/java/org/apereo/cas/support/saml/services/idp/metadata/cache/SamlRegisteredServiceDefaultCachingMetadataResolverTests.java: Filename too long
error: unable to create file support/cas-server-support-saml-idp-metadata/src/test/java/org/apereo/cas/support/saml/services/idp/metadata/cache/SamlRegisteredServiceMetadataResolverCacheLoaderTests.java: Filename too long
Updating files:  81% (9467/11575)
error: unable to create file support/cas-server-support-saml-idp-metadata/src/test/java/org/apereo/cas/support/saml/services/idp/metadata/cache/resolver/SamlRegisteredServiceMetadataExpirationPolicyTests.java: Filename too long
Updating files:  82% (9492/11575)
error: unable to create file support/cas-server-support-saml-idp-web/src/main/java/org/apereo/cas/support/saml/web/idp/profile/builders/response/query/SamlProfileAttributeQueryFaultResponseBuilder.java: Filename too long
Updating files:  83% (9608/11575)
Updating files:  84% (9723/11575)
Updating files:  84% (9746/11575)
Updating files:  85% (9839/11575)
Updating files:  86% (9955/11575)
Updating files:  86% (9975/11575)
Updating files:  87% (10071/11575)
Updating files:  88% (10186/11575)
Updating files:  88% (10209/11575)
Updating files:  89% (10302/11575)
Updating files:  90% (10418/11575)
Updating files:  90% (10498/11575)
Updating files:  91% (10534/11575)
Updating files:  92% (10649/11575)
Updating files:  93% (10765/11575)
Updating files:  93% (10794/11575)
Updating files:  94% (10881/11575)
Updating files:  95% (10997/11575)
Updating files:  95% (11089/11575)
Updating files:  96% (11112/11575)
error: unable to create file support/cas-server-support-wsfederation/src/test/java/org/apereo/cas/support/wsfederation/authentication/principal/WsFederationCredentialsToPrincipalResolverAllResolutionTests.java: Filename too long
error: unable to create file support/cas-server-support-wsfederation/src/test/java/org/apereo/cas/support/wsfederation/authentication/principal/WsFederationCredentialsToPrincipalResolverCasResolutionTests.java: Filename too long
Updating files:  97% (11228/11575)
Updating files:  98% (11344/11575)
Updating files:  98% (11441/11575)
Updating files:  99% (11460/11575)
Updating files: 100% (11575/11575)
Updating files: 100% (11575/11575), done.
fatal: unable to checkout working tree
warning: Clone succeeded, but checkout failed.
You can inspect what was checked out with 'git status'
and retry with 'git restore --source=HEAD :/'


2025-05-29 13:00:49,021 - INFO - Clonando H07000223/FlycoTabLayout...
2025-05-29 13:00:57,291 - INFO - Repositório H07000223/FlycoTabLayout clonado com sucesso.
2025-05-29 13:00:57,291 - INFO - Progresso: 4/10 repositórios clonados.
2025-05-29 13:01:00,840 - INFO - Clonando lingochamp/FileDownloader...
2025-05-29 13:01:42,754 - INFO - Repositório lingochamp/FileDownloader clonado com sucesso.
2025-05-29 13:01:42,754 - INFO - Progresso: 5/10 repositórios clonados.
2025-05-29 13:01:45,495 - INFO - Clonando xpipe-io/xpipe...
2025-05-29 13:02:37,330 - INFO - Repositório xpipe-io/xpipe clonado com sucesso.
2025-05-29 13:02:37,333 - INFO - Progresso: 6/10 repositórios clonados.
2025-05-29 13:02:41,250 - INFO - Clonando PaperMC/Paper...
2025-05-29 13:03:45,078 - INFO - Repositório PaperMC/Paper clonado com sucesso.
2025-05-29 13:03:45,081 - INFO - Progresso: 7/10 repositórios clonados.
2025-05-29 13:03:48,559 - INFO - Pulando daniulive/SmarterStreaming - não usa Maven nem Gradle.
2025-05-29 13:03:50,707 - INFO - Clonando jfeinstein10/SlidingMenu...
2025-05-29 13:04:17,627 - INFO - Repositório jfeinstein10/SlidingMenu clonado com sucesso.
2025-05-29 13:04:17,629 - INFO - Progresso: 8/10 repositórios clonados.
2025-05-29 13:04:20,374 - INFO - Pulando androidannotations/androidannotations - não usa Maven nem Gradle.
2025-05-29 13:04:22,321 - INFO - Clonando square/javapoet...
2025-05-29 13:04:29,327 - INFO - Repositório square/javapoet clonado com sucesso.
2025-05-29 13:04:29,328 - INFO - Progresso: 9/10 repositórios clonados.
2025-05-29 13:04:32,541 - INFO - Clonando provectus/kafka-ui...
2025-05-29 13:05:03,767 - INFO - Repositório provectus/kafka-ui clonado com sucesso.
2025-05-29 13:05:03,767 - INFO - Progresso: 10/10 repositórios clonados.
2025-05-29 13:05:04,801 - INFO - Clonados 10 novos repositórios.
2025-05-29 13:05:04,802 - INFO - Resultados salvos em ../data/clone_logs\clone_results.json
