2025-05-27 08:26:22,435 - INFO - Encontrados 57 repositórios já clonados.
2025-05-27 08:26:22,435 - INFO - Buscando repositórios populares (página 3)...
2025-05-27 08:26:25,395 - INFO - Encontrados 50 repositórios na página 3.
2025-05-27 08:26:26,663 - INFO - Pulando Tencent/APIJSON - não usa Maven nem Gradle.
2025-05-27 08:26:27,811 - INFO - Clonando williamfiset/Algorithms...
2025-05-27 08:45:53,291 - INFO - Repositório williamfiset/Algorithms clonado com sucesso.
2025-05-27 08:45:53,293 - INFO - Progresso: 1/10 repositórios clonados.
2025-05-27 08:45:55,963 - INFO - Clonando LMAX-Exchange/disruptor...
2025-05-27 08:46:16,180 - INFO - Repositório LMAX-Exchange/disruptor clonado com sucesso.
2025-05-27 08:46:16,182 - INFO - Progresso: 2/10 repositórios clonados.
2025-05-27 08:46:20,019 - INFO - Clonando dromara/Sa-Token...
2025-05-27 08:46:45,645 - INFO - Repositório dromara/Sa-Token clonado com sucesso.
2025-05-27 08:46:45,647 - INFO - Progresso: 3/10 repositórios clonados.
2025-05-27 08:46:50,634 - INFO - Clonando xiaojieonly/Ehviewer_CN_SXJ...
2025-05-27 08:47:25,417 - INFO - Repositório xiaojieonly/Ehviewer_CN_SXJ clonado com sucesso.
2025-05-27 08:47:25,418 - INFO - Progresso: 4/10 repositórios clonados.
2025-05-27 08:47:28,657 - INFO - Clonando Tencent/tinker...
2025-05-27 08:47:53,670 - INFO - Repositório Tencent/tinker clonado com sucesso.
2025-05-27 08:47:53,672 - INFO - Progresso: 5/10 repositórios clonados.
2025-05-27 08:47:57,412 - INFO - Clonando YunaiV/yudao-cloud...
2025-05-27 08:49:34,444 - ERROR - Erro ao clonar YunaiV/yudao-cloud: Cloning into '../data/repositories\YunaiV_yudao-cloud'...
error: unable to create file yudao-framework/yudao-spring-boot-starter-biz-data-permission/src/main/java/cn/iocoder/yudao/framework/datapermission/config/YudaoDataPermissionAutoConfiguration.java: Filename too long
error: unable to create file yudao-framework/yudao-spring-boot-starter-biz-data-permission/src/main/java/cn/iocoder/yudao/framework/datapermission/config/YudaoDataPermissionRpcAutoConfiguration.java: Filename too long
error: unable to create file yudao-framework/yudao-spring-boot-starter-biz-data-permission/src/main/java/cn/iocoder/yudao/framework/datapermission/config/YudaoDeptDataPermissionAutoConfiguration.java: Filename too long
error: unable to create file yudao-framework/yudao-spring-boot-starter-biz-data-permission/src/main/java/cn/iocoder/yudao/framework/datapermission/core/aop/DataPermissionAnnotationInterceptor.java: Filename too long
error: unable to create file yudao-framework/yudao-spring-boot-starter-biz-data-permission/src/main/java/cn/iocoder/yudao/framework/datapermission/core/rpc/DataPermissionRequestInterceptor.java: Filename too long
error: unable to create file yudao-framework/yudao-spring-boot-starter-biz-data-permission/src/main/java/cn/iocoder/yudao/framework/datapermission/core/rule/dept/DeptDataPermissionRuleCustomizer.java: Filename too long
error: unable to create file yudao-framework/yudao-spring-boot-starter-biz-data-permission/src/test/java/cn/iocoder/yudao/framework/datapermission/core/aop/DataPermissionAnnotationInterceptorTest.java: Filename too long
error: unable to create file yudao-framework/yudao-spring-boot-starter-biz-data-permission/src/test/java/cn/iocoder/yudao/framework/datapermission/core/rule/DataPermissionRuleFactoryImplTest.java: Filename too long
error: unable to create file yudao-framework/yudao-spring-boot-starter-biz-data-permission/src/test/java/cn/iocoder/yudao/framework/datapermission/core/rule/dept/DeptDataPermissionRuleTest.java: Filename too long
Updating files:   8% (397/4439)
error: unable to create file yudao-framework/yudao-spring-boot-starter-protection/src/main/java/cn/iocoder/yudao/framework/ratelimiter/core/keyresolver/impl/ExpressionRateLimiterKeyResolver.java: Filename too long
Updating files:   9% (400/4439)
error: unable to create file yudao-framework/yudao-spring-boot-starter-protection/src/main/java/cn/iocoder/yudao/framework/ratelimiter/core/keyresolver/impl/ServerNodeRateLimiterKeyResolver.java: Filename too long
error: unable to create file yudao-framework/yudao-spring-boot-starter-security/src/main/java/cn/iocoder/yudao/framework/security/core/context/TransmittableThreadLocalSecurityContextHolderStrategy.java: Filename too long
Updating files:  10% (444/4439)
Updating files:  11% (489/4439)
Updating files:  12% (533/4439)
Updating files:  13% (578/4439)
Updating files:  14% (622/4439)
Updating files:  15% (666/4439)
Updating files:  16% (711/4439)
Updating files:  17% (755/4439)
Updating files:  18% (800/4439)
Updating files:  18% (824/4439)
Updating files:  19% (844/4439)
Updating files:  20% (888/4439)
Updating files:  21% (933/4439)
error: unable to create file yudao-module-bpm/yudao-module-bpm-server/src/main/java/cn/iocoder/yudao/module/bpm/framework/flowable/core/candidate/expression/BpmTaskAssignStartUserExpression.java: Filename too long
error: unable to create file yudao-module-bpm/yudao-module-bpm-server/src/main/java/cn/iocoder/yudao/module/bpm/framework/flowable/core/candidate/strategy/dept/AbstractBpmTaskCandidateDeptLeaderStrategy.java: Filename too long
error: unable to create file yudao-module-bpm/yudao-module-bpm-server/src/main/java/cn/iocoder/yudao/module/bpm/framework/flowable/core/candidate/strategy/dept/BpmTaskCandidateApproveUserSelectStrategy.java: Filename too long
error: unable to create file yudao-module-bpm/yudao-module-bpm-server/src/main/java/cn/iocoder/yudao/module/bpm/framework/flowable/core/candidate/strategy/dept/BpmTaskCandidateDeptLeaderMultiStrategy.java: Filename too long
error: unable to create file yudao-module-bpm/yudao-module-bpm-server/src/main/java/cn/iocoder/yudao/module/bpm/framework/flowable/core/candidate/strategy/dept/BpmTaskCandidateDeptLeaderStrategy.java: Filename too long
error: unable to create file yudao-module-bpm/yudao-module-bpm-server/src/main/java/cn/iocoder/yudao/module/bpm/framework/flowable/core/candidate/strategy/dept/BpmTaskCandidateDeptMemberStrategy.java: Filename too long
error: unable to create file yudao-module-bpm/yudao-module-bpm-server/src/main/java/cn/iocoder/yudao/module/bpm/framework/flowable/core/candidate/strategy/dept/BpmTaskCandidateStartUserDeptLeaderMultiStrategy.java: Filename too long
error: unable to create file yudao-module-bpm/yudao-module-bpm-server/src/main/java/cn/iocoder/yudao/module/bpm/framework/flowable/core/candidate/strategy/dept/BpmTaskCandidateStartUserDeptLeaderStrategy.java: Filename too long
error: unable to create file yudao-module-bpm/yudao-module-bpm-server/src/main/java/cn/iocoder/yudao/module/bpm/framework/flowable/core/candidate/strategy/dept/BpmTaskCandidateStartUserSelectStrategy.java: Filename too long
error: unable to create file yudao-module-bpm/yudao-module-bpm-server/src/main/java/cn/iocoder/yudao/module/bpm/framework/flowable/core/candidate/strategy/form/BpmTaskCandidateFormDeptLeaderStrategy.java: Filename too long
error: unable to create file yudao-module-bpm/yudao-module-bpm-server/src/main/java/cn/iocoder/yudao/module/bpm/framework/flowable/core/candidate/strategy/form/BpmTaskCandidateFormUserStrategy.java: Filename too long
error: unable to create file yudao-module-bpm/yudao-module-bpm-server/src/main/java/cn/iocoder/yudao/module/bpm/framework/flowable/core/candidate/strategy/other/BpmTaskCandidateAssignEmptyStrategy.java: Filename too long
error: unable to create file yudao-module-bpm/yudao-module-bpm-server/src/main/java/cn/iocoder/yudao/module/bpm/framework/flowable/core/candidate/strategy/other/BpmTaskCandidateExpressionStrategy.java: Filename too long
error: unable to create file yudao-module-bpm/yudao-module-bpm-server/src/main/java/cn/iocoder/yudao/module/bpm/framework/flowable/core/candidate/strategy/user/BpmTaskCandidateGroupStrategy.java: Filename too long
error: unable to create file yudao-module-bpm/yudao-module-bpm-server/src/main/java/cn/iocoder/yudao/module/bpm/framework/flowable/core/candidate/strategy/user/BpmTaskCandidatePostStrategy.java: Filename too long
error: unable to create file yudao-module-bpm/yudao-module-bpm-server/src/main/java/cn/iocoder/yudao/module/bpm/framework/flowable/core/candidate/strategy/user/BpmTaskCandidateRoleStrategy.java: Filename too long
error: unable to create file yudao-module-bpm/yudao-module-bpm-server/src/main/java/cn/iocoder/yudao/module/bpm/framework/flowable/core/candidate/strategy/user/BpmTaskCandidateStartUserStrategy.java: Filename too long
error: unable to create file yudao-module-bpm/yudao-module-bpm-server/src/main/java/cn/iocoder/yudao/module/bpm/framework/flowable/core/candidate/strategy/user/BpmTaskCandidateUserStrategy.java: Filename too long
error: unable to create file yudao-module-bpm/yudao-module-bpm-server/src/main/java/cn/iocoder/yudao/module/bpm/framework/flowable/core/listener/demo/exection/DemoDelegateClassExecutionListener.java: Filename too long
error: unable to create file yudao-module-bpm/yudao-module-bpm-server/src/main/java/cn/iocoder/yudao/module/bpm/framework/flowable/core/listener/demo/exection/DemoDelegateExpressionExecutionListener.java: Filename too long
error: unable to create file yudao-module-bpm/yudao-module-bpm-server/src/main/java/cn/iocoder/yudao/module/bpm/framework/flowable/core/listener/demo/exection/DemoSpringExpressionExecutionListener.java: Filename too long
Updating files:  22% (977/4439)
error: unable to create file yudao-module-bpm/yudao-module-bpm-server/src/main/java/cn/iocoder/yudao/module/bpm/framework/flowable/core/listener/demo/task/DemoDelegateExpressionTaskListener.java: Filename too long
Updating files:  23% (1021/4439)
error: unable to create file yudao-module-bpm/yudao-module-bpm-server/src/test/java/cn/iocoder/yudao/module/bpm/framework/flowable/core/candidate/expression/BpmTaskAssignLeaderExpressionTest.java: Filename too long
error: unable to create file yudao-module-bpm/yudao-module-bpm-server/src/test/java/cn/iocoder/yudao/module/bpm/framework/flowable/core/candidate/strategy/dept/BpmTaskCandidateDeptLeaderMultiStrategyTest.java: Filename too long
error: unable to create file yudao-module-bpm/yudao-module-bpm-server/src/test/java/cn/iocoder/yudao/module/bpm/framework/flowable/core/candidate/strategy/dept/BpmTaskCandidateDeptLeaderStrategyTest.java: Filename too long
error: unable to create file yudao-module-bpm/yudao-module-bpm-server/src/test/java/cn/iocoder/yudao/module/bpm/framework/flowable/core/candidate/strategy/dept/BpmTaskCandidateDeptMemberStrategyTest.java: Filename too long
error: unable to create file yudao-module-bpm/yudao-module-bpm-server/src/test/java/cn/iocoder/yudao/module/bpm/framework/flowable/core/candidate/strategy/dept/BpmTaskCandidateStartUserDeptLeaderMultiStrategyTest.java: Filename too long
error: unable to create file yudao-module-bpm/yudao-module-bpm-server/src/test/java/cn/iocoder/yudao/module/bpm/framework/flowable/core/candidate/strategy/dept/BpmTaskCandidateStartUserDeptLeaderStrategyTest.java: Filename too long
error: unable to create file yudao-module-bpm/yudao-module-bpm-server/src/test/java/cn/iocoder/yudao/module/bpm/framework/flowable/core/candidate/strategy/dept/BpmTaskCandidateStartUserSelectStrategyTest.java: Filename too long
error: unable to create file yudao-module-bpm/yudao-module-bpm-server/src/test/java/cn/iocoder/yudao/module/bpm/framework/flowable/core/candidate/strategy/other/BpmTaskCandidateAssignEmptyStrategyTest.java: Filename too long
error: unable to create file yudao-module-bpm/yudao-module-bpm-server/src/test/java/cn/iocoder/yudao/module/bpm/framework/flowable/core/candidate/strategy/other/BpmTaskCandidateExpressionStrategyTest.java: Filename too long
error: unable to create file yudao-module-bpm/yudao-module-bpm-server/src/test/java/cn/iocoder/yudao/module/bpm/framework/flowable/core/candidate/strategy/user/BpmTaskCandidateGroupStrategyTest.java: Filename too long
error: unable to create file yudao-module-bpm/yudao-module-bpm-server/src/test/java/cn/iocoder/yudao/module/bpm/framework/flowable/core/candidate/strategy/user/BpmTaskCandidatePostStrategyTest.java: Filename too long
error: unable to create file yudao-module-bpm/yudao-module-bpm-server/src/test/java/cn/iocoder/yudao/module/bpm/framework/flowable/core/candidate/strategy/user/BpmTaskCandidateRoleStrategyTest.java: Filename too long
error: unable to create file yudao-module-bpm/yudao-module-bpm-server/src/test/java/cn/iocoder/yudao/module/bpm/framework/flowable/core/candidate/strategy/user/BpmTaskCandidateStartUserStrategyTest.java: Filename too long
error: unable to create file yudao-module-bpm/yudao-module-bpm-server/src/test/java/cn/iocoder/yudao/module/bpm/framework/flowable/core/candidate/strategy/user/BpmTaskCandidateUserStrategyTest.java: Filename too long
Updating files:  24% (1066/4439)
Updating files:  25% (1110/4439)
Updating files:  26% (1155/4439)
error: unable to create file yudao-module-crm/yudao-module-crm-server/src/main/java/cn/iocoder/yudao/module/crm/controller/admin/statistics/vo/customer/CrmStatisticsCustomerByUserBaseRespVO.java: Filename too long
error: unable to create file yudao-module-crm/yudao-module-crm-server/src/main/java/cn/iocoder/yudao/module/crm/controller/admin/statistics/vo/customer/CrmStatisticsCustomerContractSummaryRespVO.java: Filename too long
error: unable to create file yudao-module-crm/yudao-module-crm-server/src/main/java/cn/iocoder/yudao/module/crm/controller/admin/statistics/vo/customer/CrmStatisticsCustomerDealCycleByAreaRespVO.java: Filename too long
error: unable to create file yudao-module-crm/yudao-module-crm-server/src/main/java/cn/iocoder/yudao/module/crm/controller/admin/statistics/vo/customer/CrmStatisticsCustomerDealCycleByDateRespVO.java: Filename too long
error: unable to create file yudao-module-crm/yudao-module-crm-server/src/main/java/cn/iocoder/yudao/module/crm/controller/admin/statistics/vo/customer/CrmStatisticsCustomerDealCycleByProductRespVO.java: Filename too long
error: unable to create file yudao-module-crm/yudao-module-crm-server/src/main/java/cn/iocoder/yudao/module/crm/controller/admin/statistics/vo/customer/CrmStatisticsCustomerDealCycleByUserRespVO.java: Filename too long
error: unable to create file yudao-module-crm/yudao-module-crm-server/src/main/java/cn/iocoder/yudao/module/crm/controller/admin/statistics/vo/customer/CrmStatisticsCustomerSummaryByDateRespVO.java: Filename too long
error: unable to create file yudao-module-crm/yudao-module-crm-server/src/main/java/cn/iocoder/yudao/module/crm/controller/admin/statistics/vo/customer/CrmStatisticsCustomerSummaryByUserRespVO.java: Filename too long
error: unable to create file yudao-module-crm/yudao-module-crm-server/src/main/java/cn/iocoder/yudao/module/crm/controller/admin/statistics/vo/customer/CrmStatisticsFollowUpSummaryByDateRespVO.java: Filename too long
error: unable to create file yudao-module-crm/yudao-module-crm-server/src/main/java/cn/iocoder/yudao/module/crm/controller/admin/statistics/vo/customer/CrmStatisticsFollowUpSummaryByTypeRespVO.java: Filename too long
error: unable to create file yudao-module-crm/yudao-module-crm-server/src/main/java/cn/iocoder/yudao/module/crm/controller/admin/statistics/vo/customer/CrmStatisticsFollowUpSummaryByUserRespVO.java: Filename too long
error: unable to create file yudao-module-crm/yudao-module-crm-server/src/main/java/cn/iocoder/yudao/module/crm/controller/admin/statistics/vo/customer/CrmStatisticsPoolSummaryByDateRespVO.java: Filename too long
error: unable to create file yudao-module-crm/yudao-module-crm-server/src/main/java/cn/iocoder/yudao/module/crm/controller/admin/statistics/vo/customer/CrmStatisticsPoolSummaryByUserRespVO.java: Filename too long
error: unable to create file yudao-module-crm/yudao-module-crm-server/src/main/java/cn/iocoder/yudao/module/crm/controller/admin/statistics/vo/funnel/CrmStatisticsBusinessInversionRateSummaryByDateRespVO.java: Filename too long
error: unable to create file yudao-module-crm/yudao-module-crm-server/src/main/java/cn/iocoder/yudao/module/crm/controller/admin/statistics/vo/funnel/CrmStatisticsBusinessSummaryByDateRespVO.java: Filename too long
error: unable to create file yudao-module-crm/yudao-module-crm-server/src/main/java/cn/iocoder/yudao/module/crm/controller/admin/statistics/vo/funnel/CrmStatisticsBusinessSummaryByEndStatusRespVO.java: Filename too long
Updating files:  27% (1199/4439)
Updating files:  28% (1243/4439)
Updating files:  29% (1288/4439)
Updating files:  30% (1332/4439)
Updating files:  31% (1377/4439)
Updating files:  32% (1421/4439)
Updating files:  32% (1426/4439)
Updating files:  33% (1465/4439)
Updating files:  34% (1510/4439)
Updating files:  35% (1554/4439)
Updating files:  36% (1599/4439)
Updating files:  37% (1643/4439)
Updating files:  38% (1687/4439)
Updating files:  39% (1732/4439)
Updating files:  40% (1776/4439)
Updating files:  41% (1820/4439)
Updating files:  41% (1842/4439)
Updating files:  42% (1865/4439)
Updating files:  43% (1909/4439)
Updating files:  44% (1954/4439)
Updating files:  45% (1998/4439)
Updating files:  46% (2042/4439)
Updating files:  47% (2087/4439)
Updating files:  48% (2131/4439)
Updating files:  49% (2176/4439)
Updating files:  50% (2220/4439)
Updating files:  51% (2264/4439)
Updating files:  52% (2309/4439)
Updating files:  52% (2319/4439)
error: unable to create file yudao-module-iot/yudao-module-iot-plugins/yudao-module-iot-plugin-common/src/main/java/cn/iocoder/yudao/module/iot/plugin/common/config/IotPluginCommonAutoConfiguration.java: Filename too long
error: unable to create file yudao-module-iot/yudao-module-iot-plugins/yudao-module-iot-plugin-common/src/main/java/cn/iocoder/yudao/module/iot/plugin/common/config/IotPluginCommonProperties.java: Filename too long
error: unable to create file yudao-module-iot/yudao-module-iot-plugins/yudao-module-iot-plugin-common/src/main/java/cn/iocoder/yudao/module/iot/plugin/common/downstream/IotDeviceDownstreamHandler.java: Filename too long
error: unable to create file yudao-module-iot/yudao-module-iot-plugins/yudao-module-iot-plugin-common/src/main/java/cn/iocoder/yudao/module/iot/plugin/common/downstream/IotDeviceDownstreamServer.java: Filename too long
error: unable to create file yudao-module-iot/yudao-module-iot-plugins/yudao-module-iot-plugin-common/src/main/java/cn/iocoder/yudao/module/iot/plugin/common/downstream/router/IotDeviceConfigSetVertxHandler.java: Filename too long
error: unable to create file yudao-module-iot/yudao-module-iot-plugins/yudao-module-iot-plugin-common/src/main/java/cn/iocoder/yudao/module/iot/plugin/common/downstream/router/IotDeviceOtaUpgradeVertxHandler.java: Filename too long
error: unable to create file yudao-module-iot/yudao-module-iot-plugins/yudao-module-iot-plugin-common/src/main/java/cn/iocoder/yudao/module/iot/plugin/common/downstream/router/IotDevicePropertyGetVertxHandler.java: Filename too long
error: unable to create file yudao-module-iot/yudao-module-iot-plugins/yudao-module-iot-plugin-common/src/main/java/cn/iocoder/yudao/module/iot/plugin/common/downstream/router/IotDevicePropertySetVertxHandler.java: Filename too long
error: unable to create file yudao-module-iot/yudao-module-iot-plugins/yudao-module-iot-plugin-common/src/main/java/cn/iocoder/yudao/module/iot/plugin/common/downstream/router/IotDeviceServiceInvokeVertxHandler.java: Filename too long
error: unable to create file yudao-module-iot/yudao-module-iot-plugins/yudao-module-iot-plugin-common/src/main/java/cn/iocoder/yudao/module/iot/plugin/common/heartbeat/IotPluginInstanceHeartbeatJob.java: Filename too long
error: unable to create file yudao-module-iot/yudao-module-iot-plugins/yudao-module-iot-plugin-common/src/main/java/cn/iocoder/yudao/module/iot/plugin/common/upstream/IotDeviceUpstreamClient.java: Filename too long
error: unable to create file yudao-module-iot/yudao-module-iot-plugins/yudao-module-iot-plugin-common/src/main/resources/META-INF/spring/org.springframework.boot.autoconfigure.AutoConfiguration.imports: Filename too long
error: unable to create file yudao-module-iot/yudao-module-iot-plugins/yudao-module-iot-plugin-emqx/src/main/java/cn/iocoder/yudao/module/iot/plugin/emqx/config/IotPluginEmqxAutoConfiguration.java: Filename too long
error: unable to create file yudao-module-iot/yudao-module-iot-plugins/yudao-module-iot-plugin-emqx/src/main/java/cn/iocoder/yudao/module/iot/plugin/emqx/downstream/IotDeviceDownstreamHandlerImpl.java: Filename too long
error: unable to create file yudao-module-iot/yudao-module-iot-plugins/yudao-module-iot-plugin-emqx/src/main/java/cn/iocoder/yudao/module/iot/plugin/emqx/upstream/router/IotDeviceAuthVertxHandler.java: Filename too long
error: unable to create file yudao-module-iot/yudao-module-iot-plugins/yudao-module-iot-plugin-emqx/src/main/java/cn/iocoder/yudao/module/iot/plugin/emqx/upstream/router/IotDeviceMqttMessageHandler.java: Filename too long
error: unable to create file yudao-module-iot/yudao-module-iot-plugins/yudao-module-iot-plugin-emqx/src/main/java/cn/iocoder/yudao/module/iot/plugin/emqx/upstream/router/IotDeviceWebhookVertxHandler.java: Filename too long
Updating files:  53% (2353/4439)
error: unable to create file yudao-module-iot/yudao-module-iot-plugins/yudao-module-iot-plugin-http/src/main/java/cn/iocoder/yudao/module/iot/plugin/http/config/IotPluginHttpAutoConfiguration.java: Filename too long
error: unable to create file yudao-module-iot/yudao-module-iot-plugins/yudao-module-iot-plugin-http/src/main/java/cn/iocoder/yudao/module/iot/plugin/http/downstream/IotDeviceDownstreamHandlerImpl.java: Filename too long
error: unable to create file yudao-module-iot/yudao-module-iot-plugins/yudao-module-iot-plugin-http/src/main/java/cn/iocoder/yudao/module/iot/plugin/http/upstream/router/IotDeviceUpstreamVertxHandler.java: Filename too long
Updating files:  54% (2398/4439)
Updating files:  55% (2442/4439)
error: unable to create file yudao-module-mall/yudao-module-product-server/src/main/java/cn/iocoder/yudao/module/product/controller/app/property/vo/value/AppProductPropertyValueDetailRespVO.java: Filename too long
Updating files:  56% (2486/4439)
Updating files:  57% (2531/4439)
error: unable to create file yudao-module-mall/yudao-module-promotion-server/src/main/java/cn/iocoder/yudao/module/promotion/controller/admin/article/vo/category/ArticleCategoryCreateReqVO.java: Filename too long
Updating files:  58% (2575/4439)
error: unable to create file yudao-module-mall/yudao-module-promotion-server/src/main/java/cn/iocoder/yudao/module/promotion/controller/admin/article/vo/category/ArticleCategorySimpleRespVO.java: Filename too long
error: unable to create file yudao-module-mall/yudao-module-promotion-server/src/main/java/cn/iocoder/yudao/module/promotion/controller/admin/article/vo/category/ArticleCategoryUpdateReqVO.java: Filename too long
error: unable to create file yudao-module-mall/yudao-module-promotion-server/src/main/java/cn/iocoder/yudao/module/promotion/controller/admin/bargain/vo/activity/BargainActivityCreateReqVO.java: Filename too long
error: unable to create file yudao-module-mall/yudao-module-promotion-server/src/main/java/cn/iocoder/yudao/module/promotion/controller/admin/bargain/vo/activity/BargainActivityPageItemRespVO.java: Filename too long
error: unable to create file yudao-module-mall/yudao-module-promotion-server/src/main/java/cn/iocoder/yudao/module/promotion/controller/admin/bargain/vo/activity/BargainActivityUpdateReqVO.java: Filename too long
error: unable to create file yudao-module-mall/yudao-module-promotion-server/src/main/java/cn/iocoder/yudao/module/promotion/controller/admin/combination/vo/activity/CombinationActivityBaseVO.java: Filename too long
error: unable to create file yudao-module-mall/yudao-module-promotion-server/src/main/java/cn/iocoder/yudao/module/promotion/controller/admin/combination/vo/activity/CombinationActivityCreateReqVO.java: Filename too long
error: unable to create file yudao-module-mall/yudao-module-promotion-server/src/main/java/cn/iocoder/yudao/module/promotion/controller/admin/combination/vo/activity/CombinationActivityPageItemRespVO.java: Filename too long
error: unable to create file yudao-module-mall/yudao-module-promotion-server/src/main/java/cn/iocoder/yudao/module/promotion/controller/admin/combination/vo/activity/CombinationActivityPageReqVO.java: Filename too long
error: unable to create file yudao-module-mall/yudao-module-promotion-server/src/main/java/cn/iocoder/yudao/module/promotion/controller/admin/combination/vo/activity/CombinationActivityRespVO.java: Filename too long
error: unable to create file yudao-module-mall/yudao-module-promotion-server/src/main/java/cn/iocoder/yudao/module/promotion/controller/admin/combination/vo/activity/CombinationActivityUpdateReqVO.java: Filename too long
error: unable to create file yudao-module-mall/yudao-module-promotion-server/src/main/java/cn/iocoder/yudao/module/promotion/controller/admin/combination/vo/product/CombinationProductBaseVO.java: Filename too long
error: unable to create file yudao-module-mall/yudao-module-promotion-server/src/main/java/cn/iocoder/yudao/module/promotion/controller/admin/combination/vo/product/CombinationProductPageReqVO.java: Filename too long
error: unable to create file yudao-module-mall/yudao-module-promotion-server/src/main/java/cn/iocoder/yudao/module/promotion/controller/admin/combination/vo/product/CombinationProductRespVO.java: Filename too long
error: unable to create file yudao-module-mall/yudao-module-promotion-server/src/main/java/cn/iocoder/yudao/module/promotion/controller/admin/combination/vo/recrod/CombinationRecordPageItemRespVO.java: Filename too long
error: unable to create file yudao-module-mall/yudao-module-promotion-server/src/main/java/cn/iocoder/yudao/module/promotion/controller/admin/combination/vo/recrod/CombinationRecordReqPage2VO.java: Filename too long
error: unable to create file yudao-module-mall/yudao-module-promotion-server/src/main/java/cn/iocoder/yudao/module/promotion/controller/admin/combination/vo/recrod/CombinationRecordReqPageVO.java: Filename too long
error: unable to create file yudao-module-mall/yudao-module-promotion-server/src/main/java/cn/iocoder/yudao/module/promotion/controller/admin/combination/vo/recrod/CombinationRecordSummaryVO.java: Filename too long
Updating files:  59% (2620/4439)
error: unable to create file yudao-module-mall/yudao-module-promotion-server/src/main/java/cn/iocoder/yudao/module/promotion/controller/admin/coupon/vo/template/CouponTemplateUpdateStatusReqVO.java: Filename too long
error: unable to create file yudao-module-mall/yudao-module-promotion-server/src/main/java/cn/iocoder/yudao/module/promotion/controller/admin/diy/vo/template/DiyTemplatePropertyUpdateRequestVO.java: Filename too long
error: unable to create file yudao-module-mall/yudao-module-promotion-server/src/main/java/cn/iocoder/yudao/module/promotion/controller/admin/kefu/vo/conversation/KeFuConversationUpdatePinnedReqVO.java: Filename too long
Updating files:  60% (2664/4439)
error: unable to create file yudao-module-mall/yudao-module-promotion-server/src/main/java/cn/iocoder/yudao/module/promotion/controller/admin/seckill/vo/activity/SeckillActivityCreateReqVO.java: Filename too long
error: unable to create file yudao-module-mall/yudao-module-promotion-server/src/main/java/cn/iocoder/yudao/module/promotion/controller/admin/seckill/vo/activity/SeckillActivityDetailRespVO.java: Filename too long
error: unable to create file yudao-module-mall/yudao-module-promotion-server/src/main/java/cn/iocoder/yudao/module/promotion/controller/admin/seckill/vo/activity/SeckillActivityUpdateReqVO.java: Filename too long
error: unable to create file yudao-module-mall/yudao-module-promotion-server/src/main/java/cn/iocoder/yudao/module/promotion/controller/admin/seckill/vo/config/SeckillConfigUpdateStatusReqVo.java: Filename too long
error: unable to create file yudao-module-mall/yudao-module-promotion-server/src/main/java/cn/iocoder/yudao/module/promotion/controller/app/bargain/vo/activity/AppBargainActivityDetailRespVO.java: Filename too long
Updating files:  61% (2708/4439)
Updating files:  61% (2709/4439)
error: unable to create file yudao-module-mall/yudao-module-promotion-server/src/main/java/cn/iocoder/yudao/module/promotion/controller/app/combination/vo/activity/AppCombinationActivityDetailRespVO.java: Filename too long
error: unable to create file yudao-module-mall/yudao-module-promotion-server/src/main/java/cn/iocoder/yudao/module/promotion/controller/app/combination/vo/activity/AppCombinationActivityRespVO.java: Filename too long
error: unable to create file yudao-module-mall/yudao-module-promotion-server/src/main/java/cn/iocoder/yudao/module/promotion/controller/app/combination/vo/record/AppCombinationRecordDetailRespVO.java: Filename too long
error: unable to create file yudao-module-mall/yudao-module-promotion-server/src/main/java/cn/iocoder/yudao/module/promotion/controller/app/combination/vo/record/AppCombinationRecordPageReqVO.java: Filename too long
error: unable to create file yudao-module-mall/yudao-module-promotion-server/src/main/java/cn/iocoder/yudao/module/promotion/controller/app/combination/vo/record/AppCombinationRecordRespVO.java: Filename too long
error: unable to create file yudao-module-mall/yudao-module-promotion-server/src/main/java/cn/iocoder/yudao/module/promotion/controller/app/combination/vo/record/AppCombinationRecordSummaryRespVO.java: Filename too long
error: unable to create file yudao-module-mall/yudao-module-promotion-server/src/main/java/cn/iocoder/yudao/module/promotion/controller/app/seckill/vo/activity/AppSeckillActivityDetailRespVO.java: Filename too long
Updating files:  62% (2753/4439)
Updating files:  63% (2797/4439)
Updating files:  64% (2841/4439)
Updating files:  65% (2886/4439)
Updating files:  66% (2930/4439)
Updating files:  67% (2975/4439)
error: unable to create file yudao-module-mall/yudao-module-trade-server/src/main/java/cn/iocoder/yudao/module/trade/controller/admin/base/product/property/ProductPropertyValueDetailRespVO.java: Filename too long
error: unable to create file yudao-module-mall/yudao-module-trade-server/src/main/java/cn/iocoder/yudao/module/trade/controller/admin/brokerage/vo/user/BrokerageUserClearBrokerageUserReqVO.java: Filename too long
error: unable to create file yudao-module-mall/yudao-module-trade-server/src/main/java/cn/iocoder/yudao/module/trade/controller/admin/brokerage/vo/user/BrokerageUserUpdateBrokerageEnabledReqVO.java: Filename too long
error: unable to create file yudao-module-mall/yudao-module-trade-server/src/main/java/cn/iocoder/yudao/module/trade/controller/admin/brokerage/vo/user/BrokerageUserUpdateBrokerageUserReqVO.java: Filename too long
Updating files:  68% (3019/4439)
error: unable to create file yudao-module-mall/yudao-module-trade-server/src/main/java/cn/iocoder/yudao/module/trade/controller/admin/delivery/vo/expresstemplate/DeliveryExpressTemplateBaseVO.java: Filename too long
error: unable to create file yudao-module-mall/yudao-module-trade-server/src/main/java/cn/iocoder/yudao/module/trade/controller/admin/delivery/vo/expresstemplate/DeliveryExpressTemplateChargeBaseVO.java: Filename too long
error: unable to create file yudao-module-mall/yudao-module-trade-server/src/main/java/cn/iocoder/yudao/module/trade/controller/admin/delivery/vo/expresstemplate/DeliveryExpressTemplateCreateReqVO.java: Filename too long
error: unable to create file yudao-module-mall/yudao-module-trade-server/src/main/java/cn/iocoder/yudao/module/trade/controller/admin/delivery/vo/expresstemplate/DeliveryExpressTemplateDetailRespVO.java: Filename too long
error: unable to create file yudao-module-mall/yudao-module-trade-server/src/main/java/cn/iocoder/yudao/module/trade/controller/admin/delivery/vo/expresstemplate/DeliveryExpressTemplateFreeBaseVO.java: Filename too long
error: unable to create file yudao-module-mall/yudao-module-trade-server/src/main/java/cn/iocoder/yudao/module/trade/controller/admin/delivery/vo/expresstemplate/DeliveryExpressTemplatePageReqVO.java: Filename too long
error: unable to create file yudao-module-mall/yudao-module-trade-server/src/main/java/cn/iocoder/yudao/module/trade/controller/admin/delivery/vo/expresstemplate/DeliveryExpressTemplateRespVO.java: Filename too long
error: unable to create file yudao-module-mall/yudao-module-trade-server/src/main/java/cn/iocoder/yudao/module/trade/controller/admin/delivery/vo/expresstemplate/DeliveryExpressTemplateSimpleRespVO.java: Filename too long
error: unable to create file yudao-module-mall/yudao-module-trade-server/src/main/java/cn/iocoder/yudao/module/trade/controller/admin/delivery/vo/expresstemplate/DeliveryExpressTemplateUpdateReqVO.java: Filename too long
Updating files:  69% (3063/4439)
Updating files:  70% (3108/4439)
Updating files:  71% (3152/4439)
Updating files:  71% (3172/4439)
Updating files:  72% (3197/4439)
Updating files:  73% (3241/4439)
Updating files:  74% (3285/4439)
error: unable to create file yudao-module-member/yudao-module-member-server/src/main/java/cn/iocoder/yudao/module/member/controller/admin/level/vo/experience/MemberExperienceRecordPageReqVO.java: Filename too long
Updating files:  75% (3330/4439)
Updating files:  76% (3374/4439)
Updating files:  77% (3419/4439)
Updating files:  78% (3463/4439)
Updating files:  79% (3507/4439)
Updating files:  80% (3552/4439)
Updating files:  80% (3572/4439)
Updating files:  81% (3596/4439)
Updating files:  82% (3640/4439)
Updating files:  83% (3685/4439)
Updating files:  84% (3729/4439)
Updating files:  85% (3774/4439)
Updating files:  86% (3818/4439)
Updating files:  87% (3862/4439)
Updating files:  88% (3907/4439)
Updating files:  89% (3951/4439)
Updating files:  89% (3980/4439)
Updating files:  90% (3996/4439)
Updating files:  91% (4040/4439)
Updating files:  92% (4084/4439)
error: unable to create file yudao-module-system/yudao-module-system-server/src/main/java/cn/iocoder/yudao/module/system/controller/admin/permission/vo/permission/PermissionAssignRoleDataScopeReqVO.java: Filename too long
error: unable to create file yudao-module-system/yudao-module-system-server/src/main/java/cn/iocoder/yudao/module/system/controller/admin/permission/vo/permission/PermissionAssignRoleMenuReqVO.java: Filename too long
error: unable to create file yudao-module-system/yudao-module-system-server/src/main/java/cn/iocoder/yudao/module/system/controller/admin/permission/vo/permission/PermissionAssignUserRoleReqVO.java: Filename too long
Updating files:  93% (4129/4439)
Updating files:  94% (4173/4439)
Updating files:  95% (4218/4439)
Updating files:  96% (4262/4439)
Updating files:  97% (4306/4439)
Updating files:  98% (4351/4439)
Updating files:  99% (4395/4439)
Updating files:  99% (4421/4439)
Updating files: 100% (4439/4439)
Updating files: 100% (4439/4439), done.
fatal: unable to checkout working tree
warning: Clone succeeded, but checkout failed.
You can inspect what was checked out with 'git status'
and retry with 'git restore --source=HEAD :/'


2025-05-27 08:49:37,652 - INFO - Clonando openzipkin/zipkin...
2025-05-27 08:52:47,624 - INFO - Repositório openzipkin/zipkin clonado com sucesso.
2025-05-27 08:52:47,624 - INFO - Progresso: 6/10 repositórios clonados.
2025-05-27 08:52:50,482 - INFO - Clonando facebook/fresco...
2025-05-27 08:54:47,069 - INFO - Repositório facebook/fresco clonado com sucesso.
2025-05-27 08:54:47,071 - INFO - Progresso: 7/10 repositórios clonados.
2025-05-27 08:54:49,753 - INFO - Clonando infinilabs/analysis-ik...
2025-05-27 08:55:06,042 - INFO - Repositório infinilabs/analysis-ik clonado com sucesso.
2025-05-27 08:55:06,042 - INFO - Progresso: 8/10 repositórios clonados.
2025-05-27 08:55:09,115 - INFO - Clonando justauth/JustAuth...
2025-05-27 08:55:25,618 - INFO - Repositório justauth/JustAuth clonado com sucesso.
2025-05-27 08:55:25,618 - INFO - Progresso: 9/10 repositórios clonados.
2025-05-27 08:55:28,674 - INFO - Clonando baomidou/mybatis-plus...
2025-05-27 08:56:04,867 - ERROR - Erro ao clonar baomidou/mybatis-plus: Cloning into '../data/repositories\baomidou_mybatis-plus'...
Updating files:  49% (535/1087)
Updating files:  50% (544/1087)
Updating files:  51% (555/1087)
Updating files:  52% (566/1087)
Updating files:  53% (577/1087)
Updating files:  54% (587/1087)
Updating files:  55% (598/1087)
Updating files:  56% (609/1087)
error: unable to create file mybatis-plus-jsqlparser-support/mybatis-plus-jsqlparser-4.9/src/main/java/com/baomidou/mybatisplus/extension/plugins/inner/DataChangeRecorderInnerInterceptor.java: Filename too long
Updating files:  57% (620/1087)
error: unable to create file mybatis-plus-jsqlparser-support/mybatis-plus-jsqlparser-4.9/src/main/java/com/baomidou/mybatisplus/extension/plugins/inner/DynamicTableNameJsqlParserInnerInterceptor.java: Filename too long
error: unable to create file mybatis-plus-jsqlparser-support/mybatis-plus-jsqlparser-4.9/src/test/java/com/baomidou/mybatisplus/test/extension/plugins/inner/BlockAttackInnerInterceptorTest.java: Filename too long
error: unable to create file mybatis-plus-jsqlparser-support/mybatis-plus-jsqlparser-4.9/src/test/java/com/baomidou/mybatisplus/test/extension/plugins/inner/DataChangeRecorderInnerInterceptorTest.java: Filename too long
error: unable to create file mybatis-plus-jsqlparser-support/mybatis-plus-jsqlparser-4.9/src/test/java/com/baomidou/mybatisplus/test/extension/plugins/inner/DataPermissionInterceptorTest.java: Filename too long
Updating files:  58% (631/1087)
error: unable to create file mybatis-plus-jsqlparser-support/mybatis-plus-jsqlparser-4.9/src/test/java/com/baomidou/mybatisplus/test/extension/plugins/inner/DynamicTableNameInnerInterceptorTest.java: Filename too long
error: unable to create file mybatis-plus-jsqlparser-support/mybatis-plus-jsqlparser-4.9/src/test/java/com/baomidou/mybatisplus/test/extension/plugins/inner/DynamicTableNameJsqlParserInnerInterceptorTest.java: Filename too long
error: unable to create file mybatis-plus-jsqlparser-support/mybatis-plus-jsqlparser-4.9/src/test/java/com/baomidou/mybatisplus/test/extension/plugins/inner/IllegalSQLInnerInterceptorTest.java: Filename too long
error: unable to create file mybatis-plus-jsqlparser-support/mybatis-plus-jsqlparser-4.9/src/test/java/com/baomidou/mybatisplus/test/extension/plugins/inner/MultiDataPermissionInterceptorTest.java: Filename too long
error: unable to create file mybatis-plus-jsqlparser-support/mybatis-plus-jsqlparser-4.9/src/test/java/com/baomidou/mybatisplus/test/extension/plugins/inner/PaginationInnerInterceptorTest.java: Filename too long
error: unable to create file mybatis-plus-jsqlparser-support/mybatis-plus-jsqlparser-4.9/src/test/java/com/baomidou/mybatisplus/test/extension/plugins/inner/TenantLineInnerInterceptorTest.java: Filename too long
Updating files:  59% (642/1087)
Updating files:  60% (653/1087)
error: unable to create file mybatis-plus-jsqlparser-support/mybatis-plus-jsqlparser-5.0/src/main/java/com/baomidou/mybatisplus/extension/plugins/inner/DataChangeRecorderInnerInterceptor.java: Filename too long
error: unable to create file mybatis-plus-jsqlparser-support/mybatis-plus-jsqlparser-5.0/src/main/java/com/baomidou/mybatisplus/extension/plugins/inner/DynamicTableNameJsqlParserInnerInterceptor.java: Filename too long
error: unable to create file mybatis-plus-jsqlparser-support/mybatis-plus-jsqlparser-5.0/src/test/java/com/baomidou/mybatisplus/test/extension/plugins/inner/BlockAttackInnerInterceptorTest.java: Filename too long
Updating files:  61% (664/1087)
error: unable to create file mybatis-plus-jsqlparser-support/mybatis-plus-jsqlparser-5.0/src/test/java/com/baomidou/mybatisplus/test/extension/plugins/inner/DataChangeRecorderInnerInterceptorTest.java: Filename too long
error: unable to create file mybatis-plus-jsqlparser-support/mybatis-plus-jsqlparser-5.0/src/test/java/com/baomidou/mybatisplus/test/extension/plugins/inner/DataPermissionInterceptorTest.java: Filename too long
error: unable to create file mybatis-plus-jsqlparser-support/mybatis-plus-jsqlparser-5.0/src/test/java/com/baomidou/mybatisplus/test/extension/plugins/inner/DynamicTableNameInnerInterceptorTest.java: Filename too long
error: unable to create file mybatis-plus-jsqlparser-support/mybatis-plus-jsqlparser-5.0/src/test/java/com/baomidou/mybatisplus/test/extension/plugins/inner/DynamicTableNameJsqlParserInnerInterceptorTest.java: Filename too long
error: unable to create file mybatis-plus-jsqlparser-support/mybatis-plus-jsqlparser-5.0/src/test/java/com/baomidou/mybatisplus/test/extension/plugins/inner/IllegalSQLInnerInterceptorTest.java: Filename too long
error: unable to create file mybatis-plus-jsqlparser-support/mybatis-plus-jsqlparser-5.0/src/test/java/com/baomidou/mybatisplus/test/extension/plugins/inner/MultiDataPermissionInterceptorTest.java: Filename too long
error: unable to create file mybatis-plus-jsqlparser-support/mybatis-plus-jsqlparser-5.0/src/test/java/com/baomidou/mybatisplus/test/extension/plugins/inner/PaginationInnerInterceptorTest.java: Filename too long
error: unable to create file mybatis-plus-jsqlparser-support/mybatis-plus-jsqlparser-5.0/src/test/java/com/baomidou/mybatisplus/test/extension/plugins/inner/TenantLineInnerInterceptorTest.java: Filename too long
Updating files:  62% (674/1087)
Updating files:  63% (685/1087)
error: unable to create file mybatis-plus-jsqlparser-support/mybatis-plus-jsqlparser/src/main/java/com/baomidou/mybatisplus/extension/plugins/inner/DynamicTableNameJsqlParserInnerInterceptor.java: Filename too long
Updating files:  64% (696/1087)
error: unable to create file mybatis-plus-jsqlparser-support/mybatis-plus-jsqlparser/src/test/java/com/baomidou/mybatisplus/test/extension/plugins/inner/DataChangeRecorderInnerInterceptorTest.java: Filename too long
error: unable to create file mybatis-plus-jsqlparser-support/mybatis-plus-jsqlparser/src/test/java/com/baomidou/mybatisplus/test/extension/plugins/inner/DynamicTableNameInnerInterceptorTest.java: Filename too long
Updating files:  65% (707/1087)
error: unable to create file mybatis-plus-jsqlparser-support/mybatis-plus-jsqlparser/src/test/java/com/baomidou/mybatisplus/test/extension/plugins/inner/DynamicTableNameJsqlParserInnerInterceptorTest.java: Filename too long
error: unable to create file mybatis-plus-jsqlparser-support/mybatis-plus-jsqlparser/src/test/java/com/baomidou/mybatisplus/test/extension/plugins/inner/MultiDataPermissionInterceptorTest.java: Filename too long
Updating files:  66% (718/1087)
Updating files:  67% (729/1087)
Updating files:  68% (740/1087)
Updating files:  69% (751/1087)
Updating files:  70% (761/1087)
Updating files:  71% (772/1087)
Updating files:  72% (783/1087)
Updating files:  73% (794/1087)
Updating files:  74% (805/1087)
Updating files:  75% (816/1087)
Updating files:  76% (827/1087)
Updating files:  77% (837/1087)
Updating files:  78% (848/1087)
Updating files:  79% (859/1087)
Updating files:  80% (870/1087)
Updating files:  81% (881/1087)
Updating files:  82% (892/1087)
Updating files:  83% (903/1087)
Updating files:  84% (914/1087)
Updating files:  85% (924/1087)
Updating files:  86% (935/1087)
Updating files:  87% (946/1087)
Updating files:  88% (957/1087)
Updating files:  89% (968/1087)
Updating files:  90% (979/1087)
Updating files:  91% (990/1087)
Updating files:  92% (1001/1087)
Updating files:  93% (1011/1087)
Updating files:  94% (1022/1087)
Updating files:  95% (1033/1087)
Updating files:  96% (1044/1087)
error: unable to create file spring-boot-starter/mybatis-plus-spring-boot-autoconfigure/src/main/java/com/baomidou/mybatisplus/autoconfigure/MybatisDependsOnDatabaseInitializationDetector.java: Filename too long
error: unable to create file spring-boot-starter/mybatis-plus-spring-boot-autoconfigure/src/main/java/com/baomidou/mybatisplus/autoconfigure/MybatisPlusInnerInterceptorAutoConfiguration.java: Filename too long
Updating files:  97% (1055/1087)
Updating files:  98% (1066/1087)
error: unable to create file spring-boot-starter/mybatis-plus-spring-boot-test-autoconfigure/src/main/java/com/baomidou/mybatisplus/test/autoconfigure/MybatisPlusTestContextBootstrapper.java: Filename too long
error: unable to create file spring-boot-starter/mybatis-plus-spring-boot-test-autoconfigure/src/main/resources/META-INF/spring/com.baomidou.mybatisplus.test.autoconfigure.AutoConfigureMybatisPlus.imports: Filename too long
Updating files:  99% (1077/1087)
Updating files: 100% (1087/1087)
Updating files: 100% (1087/1087), done.
fatal: unable to checkout working tree
warning: Clone succeeded, but checkout failed.
You can inspect what was checked out with 'git status'
and retry with 'git restore --source=HEAD :/'


2025-05-27 08:56:07,799 - INFO - Clonando nostra13/Android-Universal-Image-Loader...
2025-05-27 08:56:40,345 - INFO - Repositório nostra13/Android-Universal-Image-Loader clonado com sucesso.
2025-05-27 08:56:40,345 - INFO - Progresso: 10/10 repositórios clonados.
2025-05-27 08:56:41,362 - INFO - Clonados 10 novos repositórios.
2025-05-27 08:56:41,362 - INFO - Resultados salvos em ../data/clone_logs\clone_results.json
