2025-05-29 16:48:18,646 - INFO - Encontrados 93 repositórios já clonados.
2025-05-29 16:48:18,646 - INFO - Buscando repositórios populares (página 6)...
2025-05-29 16:48:22,629 - INFO - Encontrados 50 repositórios na página 6.
2025-05-29 16:48:23,868 - INFO - Clonando perwendel/spark...
2025-05-29 16:48:36,440 - INFO - Repositório perwendel/spark clonado com sucesso.
2025-05-29 16:48:36,441 - INFO - Progresso: 1/10 repositórios clonados.
2025-05-29 16:48:39,590 - INFO - Clonando lihengming/spring-boot-api-project-seed...
2025-05-29 16:48:43,236 - INFO - Repositório lihengming/spring-boot-api-project-seed clonado com sucesso.
2025-05-29 16:48:43,239 - INFO - Progresso: 2/10 repositórios clonados.
2025-05-29 16:48:45,542 - INFO - Clonando ksoichiro/Android-ObservableScrollView...
2025-05-29 16:48:56,693 - INFO - Repositório ksoichiro/Android-ObservableScrollView clonado com sucesso.
2025-05-29 16:48:56,694 - INFO - Progresso: 3/10 repositórios clonados.
2025-05-29 16:48:59,377 - INFO - Pulando react-native-camera/react-native-camera - não usa Maven nem Gradle.
2025-05-29 16:49:01,047 - INFO - Clonando SonarSource/sonarqube...
2025-05-29 16:53:28,164 - ERROR - Erro ao clonar SonarSource/sonarqube: Cloning into '../data/repositories\SonarSource_sonarqube'...
Updating files:   4% (412/8838)
Updating files:   5% (442/8838)
Updating files:   6% (531/8838)
error: unable to create file server/sonar-ce-task-projectanalysis/src/it/resources/org/sonar/ce/task/projectanalysis/filemove/FileMoveDetectionStepIT/v1/1235_add_component_uuid_to_duplications_index.rb: Filename too long
error: unable to create file server/sonar-ce-task-projectanalysis/src/it/resources/org/sonar/ce/task/projectanalysis/filemove/FileMoveDetectionStepIT/v1/1236_populate_component_uuid_of_duplications_index.rb: Filename too long
error: unable to create file server/sonar-ce-task-projectanalysis/src/it/resources/org/sonar/ce/task/projectanalysis/filemove/FileMoveDetectionStepIT/v1/1237_delete_orphan_duplications_index_rows_without_component.rb: Filename too long
error: unable to create file server/sonar-ce-task-projectanalysis/src/it/resources/org/sonar/ce/task/projectanalysis/filemove/FileMoveDetectionStepIT/v1/1238_make_component_uuid_not_null_on_duplications_index.rb: Filename too long
error: unable to create file server/sonar-ce-task-projectanalysis/src/it/resources/org/sonar/ce/task/projectanalysis/filemove/FileMoveDetectionStepIT/v1/1239_add_analysis_uuid_to_duplications_index.rb: Filename too long
error: unable to create file server/sonar-ce-task-projectanalysis/src/it/resources/org/sonar/ce/task/projectanalysis/filemove/FileMoveDetectionStepIT/v1/1240_populate_analysis_uuid_of_duplications_index.rb: Filename too long
error: unable to create file server/sonar-ce-task-projectanalysis/src/it/resources/org/sonar/ce/task/projectanalysis/filemove/FileMoveDetectionStepIT/v1/1241_delete_orphan_duplications_index_rows_without_analysis.rb: Filename too long
error: unable to create file server/sonar-ce-task-projectanalysis/src/it/resources/org/sonar/ce/task/projectanalysis/filemove/FileMoveDetectionStepIT/v1/1242_make_analysis_uuid_not_null_on_duplications_index.rb: Filename too long
error: unable to create file server/sonar-ce-task-projectanalysis/src/it/resources/org/sonar/ce/task/projectanalysis/filemove/FileMoveDetectionStepIT/v1/AddAnalysisUuidColumnToDuplicationsIndex.java: Filename too long
error: unable to create file server/sonar-ce-task-projectanalysis/src/it/resources/org/sonar/ce/task/projectanalysis/filemove/FileMoveDetectionStepIT/v1/AddComponentUuidColumnToDuplicationsIndex.java: Filename too long
error: unable to create file server/sonar-ce-task-projectanalysis/src/it/resources/org/sonar/ce/task/projectanalysis/filemove/FileMoveDetectionStepIT/v1/DeleteOrphanDuplicationsIndexRowsWithoutComponent.java: Filename too long
error: unable to create file server/sonar-ce-task-projectanalysis/src/it/resources/org/sonar/ce/task/projectanalysis/filemove/FileMoveDetectionStepIT/v1/MakeComponentUuidNotNullOnDuplicationsIndex.java: Filename too long
error: unable to create file server/sonar-ce-task-projectanalysis/src/it/resources/org/sonar/ce/task/projectanalysis/filemove/FileMoveDetectionStepIT/v2/1235_add_component_uuid_and_analysis_uuid_to_duplications_index.rb: Filename too long
error: unable to create file server/sonar-ce-task-projectanalysis/src/it/resources/org/sonar/ce/task/projectanalysis/filemove/FileMoveDetectionStepIT/v2/1236_populate_component_uuid_and_analysis_uuid_of_duplications_index.rb: Filename too long
error: unable to create file server/sonar-ce-task-projectanalysis/src/it/resources/org/sonar/ce/task/projectanalysis/filemove/FileMoveDetectionStepIT/v2/1237_delete_orphan_duplications_index_rows_without_component_or_analysis.rb: Filename too long
error: unable to create file server/sonar-ce-task-projectanalysis/src/it/resources/org/sonar/ce/task/projectanalysis/filemove/FileMoveDetectionStepIT/v2/1238_make_component_uuid_and_analysis_uuid_not_null_on_duplications_index.rb: Filename too long
error: unable to create file server/sonar-ce-task-projectanalysis/src/it/resources/org/sonar/ce/task/projectanalysis/filemove/FileMoveDetectionStepIT/v2/AddComponentUuidAndAnalysisUuidColumnToDuplicationsIndex.java: Filename too long
error: unable to create file server/sonar-ce-task-projectanalysis/src/it/resources/org/sonar/ce/task/projectanalysis/filemove/FileMoveDetectionStepIT/v2/MakeComponentUuidAndAnalysisUuidNotNullOnDuplicationsIndex.java: Filename too long
Updating files:   7% (619/8838)
Updating files:   7% (677/8838)
Updating files:   8% (708/8838)
Updating files:   9% (796/8838)
Updating files:  10% (884/8838)
Updating files:  11% (973/8838)
Updating files:  12% (1061/8838)
Updating files:  12% (1134/8838)
Updating files:  13% (1149/8838)
Updating files:  14% (1238/8838)
Updating files:  15% (1326/8838)
error: unable to create file server/sonar-ce-task-projectanalysis/src/test/resources/org/sonar/ce/task/projectanalysis/step/PersistDuplicationMeasuresStepTest/persist_duplication_on_same_file-result.xml: Filename too long
error: unable to create file server/sonar-ce-task-projectanalysis/src/test/resources/org/sonar/ce/task/projectanalysis/step/PersistDuplicationMeasuresStepTest/persist_duplication_on_same_file.xml: Filename too long
error: unable to create file server/sonar-ce-task-projectanalysis/src/test/resources/org/sonar/ce/task/projectanalysis/step/PersistNumberOfDaysSinceLastCommitStepTest/insert-from-index-result.xml: Filename too long
error: unable to create file server/sonar-ce-task-projectanalysis/src/test/resources/org/sonar/ce/task/projectanalysis/step/PersistNumberOfDaysSinceLastCommitStepTest/insert-from-report-result.xml: Filename too long
Updating files:  16% (1415/8838)
Updating files:  16% (1479/8838)
Updating files:  17% (1503/8838)
Updating files:  18% (1591/8838)
Updating files:  19% (1680/8838)
Updating files:  19% (1767/8838)
Updating files:  20% (1768/8838)
Updating files:  21% (1856/8838)
Updating files:  22% (1945/8838)
Updating files:  23% (2033/8838)
Updating files:  24% (2122/8838)
Updating files:  24% (2167/8838)
Updating files:  25% (2210/8838)
Updating files:  26% (2298/8838)
Updating files:  27% (2387/8838)
Updating files:  28% (2475/8838)
Updating files:  28% (2552/8838)
Updating files:  29% (2564/8838)
Updating files:  30% (2652/8838)
Updating files:  31% (2740/8838)
Updating files:  32% (2829/8838)
error: unable to create file server/sonar-db-migration/src/test/java/org/sonar/server/platform/db/migration/version/v202501/AddInlineAnnotationsEnabledColumnToProjectAlmSettingsTableTest.java: Filename too long
Updating files:  33% (2917/8838)
Updating files:  33% (2926/8838)
Updating files:  34% (3005/8838)
Updating files:  35% (3094/8838)
Updating files:  36% (3182/8838)
Updating files:  37% (3271/8838)
Updating files:  37% (3290/8838)
Updating files:  38% (3359/8838)
Updating files:  39% (3447/8838)
Updating files:  40% (3536/8838)
Updating files:  40% (3581/8838)
Updating files:  41% (3624/8838)
Updating files:  42% (3712/8838)
Updating files:  43% (3801/8838)
Updating files:  43% (3877/8838)
Updating files:  44% (3889/8838)
Updating files:  45% (3978/8838)
Updating files:  46% (4066/8838)
Updating files:  47% (4154/8838)
Updating files:  47% (4169/8838)
Updating files:  48% (4243/8838)
Updating files:  49% (4331/8838)
Updating files:  50% (4419/8838)
Updating files:  50% (4479/8838)
Updating files:  51% (4508/8838)
error: unable to create file server/sonar-webserver-core/src/test/resources/org/sonar/server/debt/DebtRulesXMLImporterTest/convert_constant_per_issue_with_coefficient_by_constant_per_issue_with_offset.xml: Filename too long
error: unable to create file server/sonar-webserver-core/src/test/resources/org/sonar/server/debt/DebtRulesXMLImporterTest/convert_deprecated_linear_with_threshold_function_by_linear_function.xml: Filename too long
Updating files:  52% (4596/8838)
Updating files:  53% (4685/8838)
Updating files:  54% (4773/8838)
Updating files:  54% (4830/8838)
Updating files:  55% (4861/8838)
Updating files:  56% (4950/8838)
Updating files:  57% (5038/8838)
Updating files:  58% (5127/8838)
Updating files:  58% (5168/8838)
Updating files:  59% (5215/8838)
Updating files:  60% (5303/8838)
error: unable to create file server/sonar-webserver-webapi/src/it/resources/org/sonar/server/qualityprofile/ws/QProfilesWsMediumIT/does_not_return_warnings_when_bulk_activate_on_profile_and_rules_exist_on_another_language_than_profile.json: Filename too long
Updating files:  61% (5392/8838)
Updating files:  61% (5418/8838)
Updating files:  62% (5480/8838)
Updating files:  63% (5568/8838)
Updating files:  64% (5657/8838)
Updating files:  64% (5701/8838)
Updating files:  65% (5745/8838)
Updating files:  66% (5834/8838)
Updating files:  67% (5922/8838)
Updating files:  67% (6006/8838)
Updating files:  68% (6010/8838)
Updating files:  69% (6099/8838)
Updating files:  70% (6187/8838)
Updating files:  71% (6275/8838)
Updating files:  72% (6364/8838)
Updating files:  72% (6384/8838)
Updating files:  73% (6452/8838)
Updating files:  74% (6541/8838)
error: unable to create file server/sonar-webserver-webapi/src/test/resources/org/sonar/server/property/ws/IndexActionTest/does_not_returned_secured_and_license_settings_in_property_set_when_not_authenticated.json: Filename too long
error: unable to create file server/sonar-webserver-webapi/src/test/resources/org/sonar/server/property/ws/IndexActionTest/does_not_returned_secured_and_license_settings_when_not_authenticated.json: Filename too long
error: unable to create file server/sonar-webserver-webapi/src/test/resources/org/sonar/server/property/ws/IndexActionTest/return_license_with_hash_settings_when_authenticated_but_not_admin.json: Filename too long
error: unable to create file server/sonar-webserver-webapi/src/test/resources/org/sonar/server/property/ws/IndexActionTest/return_secured_and_license_settings_in_property_set_when_system_admin.json: Filename too long
Updating files:  75% (6629/8838)
Updating files:  75% (6695/8838)
Updating files:  76% (6717/8838)
Updating files:  77% (6806/8838)
Updating files:  78% (6894/8838)
Updating files:  79% (6983/8838)
Updating files:  79% (6984/8838)
Updating files:  80% (7071/8838)
Updating files:  81% (7159/8838)
Updating files:  82% (7248/8838)
Updating files:  82% (7273/8838)
Updating files:  83% (7336/8838)
Updating files:  84% (7424/8838)
Updating files:  85% (7513/8838)
Updating files:  86% (7601/8838)
Updating files:  86% (7646/8838)
Updating files:  87% (7690/8838)
Updating files:  88% (7778/8838)
Updating files:  89% (7866/8838)
Updating files:  90% (7955/8838)
fatal: cannot create directory at 'sonar-scanner-engine/src/test/resources/org/sonar/scanner/scan/DeprecatedProjectReactorBuilderTest/multi-module-definitions-in-each-module-inherited/module1': Filename too long
warning: Clone succeeded, but checkout failed.
You can inspect what was checked out with 'git status'
and retry with 'git restore --source=HEAD :/'


2025-05-29 16:53:31,745 - INFO - Clonando koral--/android-gif-drawable...
2025-05-29 16:53:46,271 - INFO - Repositório koral--/android-gif-drawable clonado com sucesso.
2025-05-29 16:53:46,271 - INFO - Progresso: 4/10 repositórios clonados.
2025-05-29 16:53:49,236 - INFO - Clonando bilibili/DanmakuFlameMaster...
2025-05-29 16:53:57,804 - INFO - Repositório bilibili/DanmakuFlameMaster clonado com sucesso.
2025-05-29 16:53:57,804 - INFO - Progresso: 5/10 repositórios clonados.
2025-05-29 16:54:00,662 - INFO - Clonando liaohuqiu/android-Ultra-Pull-To-Refresh...
2025-05-29 16:54:08,689 - INFO - Repositório liaohuqiu/android-Ultra-Pull-To-Refresh clonado com sucesso.
2025-05-29 16:54:08,690 - INFO - Progresso: 6/10 repositórios clonados.
2025-05-29 16:54:11,633 - INFO - Clonando MyCATApache/Mycat-Server...
2025-05-29 16:54:35,400 - INFO - Repositório MyCATApache/Mycat-Server clonado com sucesso.
2025-05-29 16:54:35,401 - INFO - Progresso: 7/10 repositórios clonados.
2025-05-29 16:54:38,567 - INFO - Clonando umano/AndroidSlidingUpPanel...
2025-05-29 16:54:44,755 - INFO - Repositório umano/AndroidSlidingUpPanel clonado com sucesso.
2025-05-29 16:54:44,756 - INFO - Progresso: 8/10 repositórios clonados.
2025-05-29 16:54:47,527 - INFO - Clonando xuchengsheng/spring-reading...
