2025-05-26 21:56:50,593 - INFO - Encontrados 13 repositórios já clonados.
2025-05-26 21:56:50,593 - INFO - Buscando repositórios populares (página 1)...
2025-05-26 21:56:52,733 - INFO - Encontrados 50 repositórios na página 1.
2025-05-26 21:56:53,672 - INFO - Pulando Snailclimb/JavaGuide - não usa Maven nem Gradle.
2025-05-26 21:56:54,613 - INFO - Pulando krahets/hello-algo - não usa Maven nem Gradle.
2025-05-26 21:56:54,613 - INFO - Pulando iluwatar/java-design-patterns - já foi clonado anteriormente.
2025-05-26 21:56:54,613 - INFO - Pulando macrozheng/mall - já foi clonado anteriormente.
2025-05-26 21:56:55,706 - INFO - Pulando doocs/advanced-java - não usa Maven nem Gradle.
2025-05-26 21:56:55,706 - INFO - Pulando spring-projects/spring-boot - já foi clonado anteriormente.
2025-05-26 21:56:56,688 - INFO - Pulando MisterBooo/LeetCodeAnimation - não usa Maven nem Gradle.
2025-05-26 21:56:56,688 - INFO - Pulando elastic/elasticsearch - já foi clonado anteriormente.
2025-05-26 21:56:57,678 - INFO - Pulando kdn251/interviews - não usa Maven nem Gradle.
2025-05-26 21:56:57,679 - INFO - Pulando TheAlgorithms/Java - já foi clonado anteriormente.
2025-05-26 21:56:57,679 - INFO - Pulando Stirling-Tools/Stirling-PDF - já foi clonado anteriormente.
2025-05-26 21:56:57,679 - INFO - Pulando spring-projects/spring-framework - já foi clonado anteriormente.
2025-05-26 21:56:57,681 - INFO - Pulando NationalSecurityAgency/ghidra - já foi clonado anteriormente.
2025-05-26 21:56:57,681 - INFO - Pulando google/guava - já foi clonado anteriormente.
2025-05-26 21:56:57,681 - INFO - Pulando ReactiveX/RxJava - já foi clonado anteriormente.
2025-05-26 21:56:57,681 - INFO - Pulando skylot/jadx - já foi clonado anteriormente.
2025-05-26 21:56:57,682 - INFO - Pulando dbeaver/dbeaver - já foi clonado anteriormente.
2025-05-26 21:56:58,665 - INFO - Pulando jeecgboot/JeecgBoot - não usa Maven nem Gradle.
2025-05-26 21:56:58,665 - INFO - Pulando termux/termux-app - já foi clonado anteriormente.
2025-05-26 21:56:59,674 - INFO - Clonando apache/dubbo...
2025-05-26 21:57:26,076 - ERROR - Erro ao clonar apache/dubbo: Cloning into '../data/repositories\apache_dubbo'...
Updating files:  12% (608/4716)
Updating files:  13% (614/4716)
Updating files:  14% (661/4716)
Updating files:  15% (708/4716)
Updating files:  16% (755/4716)
Updating files:  17% (802/4716)
Updating files:  18% (849/4716)
Updating files:  19% (897/4716)
Updating files:  20% (944/4716)
Updating files:  21% (991/4716)
Updating files:  22% (1038/4716)
Updating files:  23% (1085/4716)
Updating files:  23% (1116/4716)
Updating files:  24% (1132/4716)
Updating files:  25% (1179/4716)
Updating files:  26% (1227/4716)
Updating files:  27% (1274/4716)
Updating files:  28% (1321/4716)
Updating files:  29% (1368/4716)
Updating files:  30% (1415/4716)
Updating files:  31% (1462/4716)
Updating files:  32% (1510/4716)
Updating files:  33% (1557/4716)
Updating files:  34% (1604/4716)
Updating files:  35% (1651/4716)
Updating files:  35% (1667/4716)
Updating files:  36% (1698/4716)
error: unable to create file dubbo-config/dubbo-config-api/src/test/java/org/apache/dubbo/config/integration/multiple/servicediscoveryregistry/MultipleRegistryCenterServiceDiscoveryRegistryIntegrationTest.java: Filename too long
error: unable to create file dubbo-config/dubbo-config-api/src/test/java/org/apache/dubbo/config/integration/multiple/servicediscoveryregistry/MultipleRegistryCenterServiceDiscoveryRegistryRegistryServiceListener.java: Filename too long
error: unable to create file dubbo-config/dubbo-config-api/src/test/java/org/apache/dubbo/config/integration/multiple/servicediscoveryregistry/MultipleRegistryCenterServiceDiscoveryRegistryService.java: Filename too long
error: unable to create file dubbo-config/dubbo-config-api/src/test/java/org/apache/dubbo/config/integration/multiple/servicediscoveryregistry/MultipleRegistryCenterServiceDiscoveryRegistryServiceImpl.java: Filename too long
Updating files:  37% (1745/4716)
Updating files:  38% (1793/4716)
Updating files:  39% (1840/4716)
Updating files:  40% (1887/4716)
Updating files:  41% (1934/4716)
Updating files:  42% (1981/4716)
Updating files:  43% (2028/4716)
Updating files:  44% (2076/4716)
Updating files:  45% (2123/4716)
Updating files:  45% (2164/4716)
Updating files:  46% (2170/4716)
Updating files:  47% (2217/4716)
Updating files:  48% (2264/4716)
Updating files:  49% (2311/4716)
Updating files:  50% (2358/4716)
Updating files:  51% (2406/4716)
Updating files:  52% (2453/4716)
Updating files:  52% (2496/4716)
Updating files:  53% (2500/4716)
Updating files:  54% (2547/4716)
Updating files:  55% (2594/4716)
Updating files:  56% (2641/4716)
Updating files:  57% (2689/4716)
Updating files:  58% (2736/4716)
Updating files:  59% (2783/4716)
Updating files:  60% (2830/4716)
Updating files:  60% (2859/4716)
Updating files:  61% (2877/4716)
Updating files:  62% (2924/4716)
Updating files:  63% (2972/4716)
Updating files:  64% (3019/4716)
Updating files:  65% (3066/4716)
Updating files:  66% (3113/4716)
Updating files:  66% (3138/4716)
Updating files:  67% (3160/4716)
Updating files:  68% (3207/4716)
Updating files:  69% (3255/4716)
Updating files:  70% (3302/4716)
Updating files:  71% (3349/4716)
Updating files:  72% (3396/4716)
Updating files:  73% (3443/4716)
Updating files:  74% (3490/4716)
Updating files:  74% (3503/4716)
Updating files:  75% (3537/4716)
Updating files:  76% (3585/4716)
Updating files:  77% (3632/4716)
Updating files:  78% (3679/4716)
Updating files:  79% (3726/4716)
Updating files:  80% (3773/4716)
Updating files:  81% (3820/4716)
Updating files:  81% (3837/4716)
Updating files:  82% (3868/4716)
Updating files:  83% (3915/4716)
Updating files:  84% (3962/4716)
Updating files:  85% (4009/4716)
Updating files:  86% (4056/4716)
Updating files:  87% (4103/4716)
Updating files:  88% (4151/4716)
Updating files:  89% (4198/4716)
Updating files:  90% (4245/4716)
Updating files:  90% (4291/4716)
Updating files:  91% (4292/4716)
Updating files:  92% (4339/4716)
Updating files:  93% (4386/4716)
Updating files:  94% (4434/4716)
Updating files:  95% (4481/4716)
error: unable to create file dubbo-spring-boot-project/dubbo-spring-boot-actuator-autoconfigure/src/main/java/org/apache/dubbo/spring/boot/actuate/autoconfigure/DubboEndpointAnnotationAutoConfiguration.java: Filename too long
error: unable to create file dubbo-spring-boot-project/dubbo-spring-boot-actuator-autoconfigure/src/main/java/org/apache/dubbo/spring/boot/actuate/autoconfigure/DubboEndpointMetadataAutoConfiguration.java: Filename too long
error: unable to create file dubbo-spring-boot-project/dubbo-spring-boot-actuator-autoconfigure/src/main/java/org/apache/dubbo/spring/boot/actuate/autoconfigure/DubboExtensionEndpointAutoConfiguration.java: Filename too long
error: unable to create file dubbo-spring-boot-project/dubbo-spring-boot-actuator-autoconfigure/src/main/java/org/apache/dubbo/spring/boot/actuate/autoconfigure/DubboHealthIndicatorAutoConfiguration.java: Filename too long
Updating files:  96% (4528/4716)
error: unable to create file dubbo-spring-boot-project/dubbo-spring-boot-actuator-autoconfigure/src/test/java/org/apache/dubbo/spring/boot/actuate/autoconfigure/DubboEndpointAnnotationAutoConfigurationTest.java: Filename too long
error: unable to create file dubbo-spring-boot-project/dubbo-spring-boot-autoconfigure/src/main/java/org/apache/dubbo/spring/boot/autoconfigure/observability/DubboMicrometerTracingAutoConfiguration.java: Filename too long
Updating files:  97% (4575/4716)
error: unable to create file dubbo-spring-boot-project/dubbo-spring-boot-autoconfigure/src/main/java/org/apache/dubbo/spring/boot/autoconfigure/observability/annotation/ConditionalOnDubboTracingEnable.java: Filename too long
error: unable to create file dubbo-spring-boot-project/dubbo-spring-boot-autoconfigure/src/main/java/org/apache/dubbo/spring/boot/autoconfigure/observability/zipkin/customizer/ZipkinRestTemplateBuilderCustomizer.java: Filename too long
error: unable to create file dubbo-spring-boot-project/dubbo-spring-boot-autoconfigure/src/main/java/org/apache/dubbo/spring/boot/autoconfigure/observability/zipkin/customizer/ZipkinWebClientBuilderCustomizer.java: Filename too long
error: unable to create file dubbo-spring-boot-project/dubbo-spring-boot-autoconfigure/src/test/java/org/apache/dubbo/spring/boot/autoconfigure/CompatibleDubboAutoConfigurationTestWithoutProperties.java: Filename too long
error: unable to create file dubbo-spring-boot-project/dubbo-spring-boot-autoconfigure/src/test/java/org/apache/dubbo/spring/boot/autoconfigure/observability/DubboMicrometerTracingAutoConfigurationTests.java: Filename too long
fatal: cannot create directory at 'dubbo-spring-boot-project/dubbo-spring-boot-compatible/dubbo-spring-boot-actuator-autoconfigure-compatible/src/main/java/org/apache/dubbo/spring/boot/actuate/autoconfigure': Filename too long
warning: Clone succeeded, but checkout failed.
You can inspect what was checked out with 'git status'
and retry with 'git restore --source=HEAD :/'


2025-05-26 21:57:29,255 - INFO - Clonando PhilJay/MPAndroidChart...
2025-05-26 21:57:37,281 - INFO - Repositório PhilJay/MPAndroidChart clonado com sucesso.
2025-05-26 21:57:37,281 - INFO - Progresso: 1/10 repositórios clonados.
2025-05-26 21:57:40,715 - INFO - Clonando eugenp/tutorials...
2025-05-26 21:59:00,463 - ERROR - Erro ao clonar eugenp/tutorials: Cloning into '../data/repositories\eugenp_tutorials'...
Updating files:   1% (393/32561)
Updating files:   2% (652/32561)
Updating files:   2% (778/32561)
Updating files:   3% (977/32561)
Updating files:   3% (1078/32561)
Updating files:   4% (1303/32561)
Updating files:   4% (1378/32561)
Updating files:   5% (1629/32561)
Updating files:   5% (1729/32561)
Updating files:   6% (1954/32561)
Updating files:   6% (2100/32561)
Updating files:   7% (2280/32561)
Updating files:   7% (2434/32561)
Updating files:   8% (2605/32561)
Updating files:   8% (2736/32561)
error: unable to create file core-java-modules/core-java-collections/src/test/java/com/baeldung/collections/nullsafecollectionstreams/NullSafeCollectionStreamsUsingCommonsEmptyIfNullUnitTest.java: Filename too long
error: unable to create file core-java-modules/core-java-collections/src/test/java/com/baeldung/collections/nullsafecollectionstreams/NullSafeCollectionStreamsUsingJava8OptionalContainerUnitTest.java: Filename too long
error: unable to create file core-java-modules/core-java-collections/src/test/java/com/baeldung/collections/nullsafecollectionstreams/NullSafeCollectionStreamsUsingNullDereferenceCheckUnitTest.java: Filename too long
Updating files:   9% (2931/32561)
error: unable to create file core-java-modules/core-java-concurrency-basic-4/src/test/java/com/baeldung/concurrent/futurevscompletablefuturevsrxjava/FutureVsCompletableFutureVsRxJavaUnitTest.java: Filename too long
Updating files:   9% (3067/32561)
Updating files:  10% (3257/32561)
Updating files:  10% (3456/32561)
Updating files:  11% (3582/32561)
Updating files:  11% (3843/32561)
Updating files:  12% (3908/32561)
Updating files:  12% (4164/32561)
Updating files:  13% (4233/32561)
error: unable to create file core-java-modules/core-java-lang-oop-constructors-2/src/test/java/com/baeldung/objectcreation/constructorversussettermethod/ConstructorsVersusSetterMethodsUnitTest.java: Filename too long
Updating files:  13% (4515/32561)
Updating files:  14% (4559/32561)
Updating files:  15% (4885/32561)
Updating files:  15% (4924/32561)
Updating files:  15% (5198/32561)
Updating files:  16% (5210/32561)
Updating files:  16% (5445/32561)
Updating files:  17% (5536/32561)
Updating files:  17% (5735/32561)
Updating files:  18% (5861/32561)
Updating files:  18% (6079/32561)
error: unable to create file core-java-modules/core-java-string-apis-2/src/test/java/com/baeldung/removenonnumericcharacters/RemoveNonNumericCharactersAndKeepDecimalSeparatorInStringUnitTest.java: Filename too long
Updating files:  19% (6187/32561)
Updating files:  19% (6360/32561)
error: unable to create file core-java-modules/core-java-string-operations-9/src/test/java/com/baeldung/checkifstringcontainsinvalidcharacters/CheckIfStringContainsInvalidEncodedCharactersUnitTest.java: Filename too long
Updating files:  20% (6513/32561)
Updating files:  20% (6658/32561)
Updating files:  21% (6838/32561)
Updating files:  21% (7001/32561)
Updating files:  22% (7164/32561)
Updating files:  22% (7317/32561)
Updating files:  23% (7490/32561)
Updating files:  23% (7665/32561)
Updating files:  24% (7815/32561)
error: unable to create file jackson-modules/jackson-polymorphic-deserialization/src/test/java/com/baeldung/jackson/polymorphic/deserialization/typeHandlingAnnotations/TypeHandlingAnnotationsUnitTest.java: Filename too long
Updating files:  24% (7990/32561)
Updating files:  25% (8141/32561)
Updating files:  25% (8365/32561)
Updating files:  26% (8466/32561)
Updating files:  26% (8777/32561)
Updating files:  27% (8792/32561)
Updating files:  28% (9118/32561)
Updating files:  28% (9287/32561)
Updating files:  29% (9443/32561)
Updating files:  29% (9757/32561)
Updating files:  30% (9769/32561)
Updating files:  31% (10094/32561)
Updating files:  31% (10205/32561)
Updating files:  32% (10420/32561)
Updating files:  32% (10661/32561)
Updating files:  33% (10746/32561)
Updating files:  33% (11020/32561)
Updating files:  34% (11071/32561)
Updating files:  34% (11376/32561)
Updating files:  35% (11397/32561)
Updating files:  36% (11722/32561)
Updating files:  36% (11779/32561)
Updating files:  37% (12048/32561)
Updating files:  37% (12054/32561)
Updating files:  38% (12374/32561)
Updating files:  38% (12442/32561)
Updating files:  39% (12699/32561)
Updating files:  39% (12768/32561)
Updating files:  40% (13025/32561)
Updating files:  40% (13081/32561)
Updating files:  40% (13344/32561)
Updating files:  41% (13351/32561)
error: unable to create file microservices-modules/micronaut-configuration/src/test/java/com/baeldung/micronaut/environments/services/eventsourcing/ProductionEnvironmentEventSourcingUnitTest.java: Filename too long
Updating files:  42% (13676/32561)
Updating files:  42% (13721/32561)
Updating files:  43% (14002/32561)
Updating files:  43% (14053/32561)
Updating files:  44% (14327/32561)
Updating files:  44% (14446/32561)
Updating files:  45% (14653/32561)
Updating files:  45% (14813/32561)
Updating files:  46% (14979/32561)
Updating files:  46% (15154/32561)
Updating files:  47% (15304/32561)
Updating files:  47% (15558/32561)
Updating files:  48% (15630/32561)
Updating files:  48% (15911/32561)
Updating files:  49% (15955/32561)
Updating files:  49% (16183/32561)
Updating files:  50% (16281/32561)
Updating files:  50% (16499/32561)
Updating files:  51% (16607/32561)
Updating files:  51% (16868/32561)
Updating files:  52% (16932/32561)
Updating files:  52% (17136/32561)
Updating files:  53% (17258/32561)
Updating files:  53% (17517/32561)
Updating files:  54% (17583/32561)
error: unable to create file persistence-modules/spring-data-jpa-repo-2/src/main/java/com/baeldung/spring/data/persistence/springdatajpadifference/springdata/repository/EmployeeRepositoryPagingAndSort.java: Filename too long
Updating files:  54% (17871/32561)
Updating files:  55% (17909/32561)
Updating files:  55% (18202/32561)
Updating files:  56% (18235/32561)
Updating files:  57% (18560/32561)
Updating files:  57% (18573/32561)
error: unable to create file persistence-modules/spring-jpa-3/src/test/java/com/baeldung/com/baeldung/continuetransactionafterexception/ContinueWithTransactionAfterExceptionIntegrationConfiguration.java: Filename too long
error: unable to create file quarkus-modules/quarkus-jandex/hello-sender-application-properties/src/main/java/com/baeldung/quarkus/hello/sender/applicationproperties/ApplicationPropertiesHelloSender.java: Filename too long
Updating files:  58% (18886/32561)
Updating files:  58% (18903/32561)
Updating files:  58% (19168/32561)
Updating files:  59% (19211/32561)
Updating files:  59% (19392/32561)
error: unable to create file security-modules/cloud-foundry-uaa/cf-uaa-oauth2-resource-server/src/main/java/com/baeldung/cfuaa/oauth2/resourceserver/CFUAAOAuth2ResourceServerSecurityConfiguration.java: Filename too long
Updating files:  60% (19537/32561)
error: unable to create file security-modules/oauth2-framework-impl/oauth2-authorization-server/src/main/java/com/baeldung/oauth2/authorization/server/handler/AuthorizationCodeGrantTypeHandler.java: Filename too long
Updating files:  60% (19706/32561)
Updating files:  61% (19863/32561)
Updating files:  61% (20006/32561)
Updating files:  62% (20188/32561)
Updating files:  62% (20423/32561)
Updating files:  63% (20514/32561)
Updating files:  63% (20788/32561)
Updating files:  64% (20840/32561)
error: unable to create file spring-boot-modules/spring-boot-basic-customization-2/src/test/java/com/baeldung/typeconversion/converter/controller/StringToEmployeeConverterControllerIntegrationTest.java: Filename too long
Updating files:  64% (21093/32561)
Updating files:  65% (21165/32561)
error: unable to create file spring-boot-modules/spring-boot-custom-starter/greeter-spring-boot-autoconfigure/src/main/resources/META-INF/spring/org.springframework.boot.autoconfigure.AutoConfiguration.imports: Filename too long
Updating files:  65% (21417/32561)
error: unable to create file spring-boot-modules/spring-boot-disable-logging/disabling-console-jul/src/main/java/com/baeldung/springbootlogging/disablingconsole/jul/properties/DisablingConsoleJulApp.java: Filename too long
fatal: cannot create directory at 'spring-boot-modules/spring-boot-disable-logging/disabling-console-jul/src/main/java/com/baeldung/springbootlogging/disablingconsole/jul/properties/controllers': Filename too long
warning: Clone succeeded, but checkout failed.
You can inspect what was checked out with 'git status'
and retry with 'git restore --source=HEAD :/'


2025-05-26 21:59:04,107 - INFO - Clonando alibaba/arthas...
2025-05-26 21:59:23,474 - ERROR - Erro ao clonar alibaba/arthas: Cloning into '../data/repositories\alibaba_arthas'...
error: unable to create file arthas-spring-boot-starter/src/it/arthas-spring-boot-starter-example/src/main/java/com/example/arthasspringbootstarterexample/ArthasSpringBootStarterExampleApplication.java: Filename too long
error: unable to create file arthas-spring-boot-starter/src/it/arthas-spring-boot-starter-example/src/test/java/com/example/arthasspringbootstarterexample/ArthasSpringBootStarterExampleApplicationTests.java: Filename too long
error: unable to create file arthas-spring-boot-starter/src/it/arthas-spring-boot3-starter-example/src/main/java/com/example/arthasspringboot3starterexample/ArthasSpringBoot3StarterExampleApplication.java: Filename too long
error: unable to create file arthas-spring-boot-starter/src/it/arthas-spring-boot3-starter-example/src/test/java/com/example/arthasspringboot3starterexample/ArthasSpringBoot3StarterExampleApplicationTests.java: Filename too long
Updating files:  31% (445/1408)
Updating files:  32% (451/1408)
Updating files:  33% (465/1408)
Updating files:  34% (479/1408)
Updating files:  35% (493/1408)
Updating files:  36% (507/1408)
Updating files:  37% (521/1408)
Updating files:  38% (536/1408)
Updating files:  39% (550/1408)
Updating files:  40% (564/1408)
Updating files:  41% (578/1408)
Updating files:  42% (592/1408)
Updating files:  43% (606/1408)
Updating files:  44% (620/1408)
Updating files:  45% (634/1408)
Updating files:  46% (648/1408)
Updating files:  47% (662/1408)
Updating files:  48% (676/1408)
Updating files:  49% (690/1408)
Updating files:  50% (704/1408)
Updating files:  51% (719/1408)
Updating files:  51% (730/1408)
Updating files:  52% (733/1408)
Updating files:  53% (747/1408)
Updating files:  54% (761/1408)
Updating files:  55% (775/1408)
Updating files:  56% (789/1408)
Updating files:  57% (803/1408)
Updating files:  58% (817/1408)
Updating files:  59% (831/1408)
Updating files:  60% (845/1408)
Updating files:  61% (859/1408)
Updating files:  62% (873/1408)
Updating files:  63% (888/1408)
Updating files:  64% (902/1408)
Updating files:  65% (916/1408)
Updating files:  66% (930/1408)
Updating files:  67% (944/1408)
Updating files:  68% (958/1408)
Updating files:  69% (972/1408)
Updating files:  70% (986/1408)
Updating files:  71% (1000/1408)
Updating files:  72% (1014/1408)
Updating files:  73% (1028/1408)
Updating files:  74% (1042/1408)
Updating files:  75% (1056/1408)
Updating files:  76% (1071/1408)
Updating files:  77% (1085/1408)
Updating files:  78% (1099/1408)
Updating files:  79% (1113/1408)
Updating files:  80% (1127/1408)
Updating files:  81% (1141/1408)
Updating files:  82% (1155/1408)
Updating files:  83% (1169/1408)
Updating files:  84% (1183/1408)
Updating files:  85% (1197/1408)
Updating files:  86% (1211/1408)
Updating files:  87% (1225/1408)
Updating files:  88% (1240/1408)
Updating files:  89% (1254/1408)
Updating files:  90% (1268/1408)
Updating files:  91% (1282/1408)
Updating files:  92% (1296/1408)
Updating files:  93% (1310/1408)
Updating files:  94% (1324/1408)
Updating files:  95% (1338/1408)
Updating files:  96% (1352/1408)
Updating files:  97% (1366/1408)
Updating files:  98% (1380/1408)
Updating files:  99% (1394/1408)
Updating files: 100% (1408/1408)
Updating files: 100% (1408/1408), done.
fatal: unable to checkout working tree
warning: Clone succeeded, but checkout failed.
You can inspect what was checked out with 'git status'
and retry with 'git restore --source=HEAD :/'


2025-05-26 21:59:25,986 - INFO - Pulando halo-dev/halo - não usa Maven nem Gradle.
2025-05-26 21:59:27,411 - INFO - Pulando geekxh/hello-algorithm - não usa Maven nem Gradle.
2025-05-26 21:59:29,459 - INFO - Clonando airbnb/lottie-android...
2025-05-26 21:59:48,699 - INFO - Repositório airbnb/lottie-android clonado com sucesso.
2025-05-26 21:59:48,701 - INFO - Progresso: 2/10 repositórios clonados.
2025-05-26 21:59:51,312 - INFO - Clonando bumptech/glide...
2025-05-26 22:00:13,162 - ERROR - Erro ao clonar bumptech/glide: Cloning into '../data/repositories\bumptech_glide'...
error: unable to create file annotation/compiler/test/src/test/resources/MultipleEmptyLibraryGlideModuleTest/GlideIndexer_GlideModule_com_bumptech_glide_test_EmptyLibraryModule1_com_bumptech_glide_test_EmptyLibraryModule2.java: Filename too long
Updating files:  19% (237/1199)
Updating files:  20% (240/1199)
Updating files:  21% (252/1199)
Updating files:  22% (264/1199)
Updating files:  23% (276/1199)
Updating files:  24% (288/1199)
Updating files:  25% (300/1199)
Updating files:  26% (312/1199)
Updating files:  27% (324/1199)
Updating files:  28% (336/1199)
Updating files:  29% (348/1199)
Updating files:  30% (360/1199)
Updating files:  31% (372/1199)
Updating files:  32% (384/1199)
Updating files:  33% (396/1199)
Updating files:  34% (408/1199)
Updating files:  35% (420/1199)
Updating files:  36% (432/1199)
Updating files:  37% (444/1199)
Updating files:  38% (456/1199)
Updating files:  39% (468/1199)
Updating files:  39% (471/1199)
Updating files:  40% (480/1199)
Updating files:  41% (492/1199)
Updating files:  42% (504/1199)
Updating files:  43% (516/1199)
Updating files:  44% (528/1199)
Updating files:  45% (540/1199)
Updating files:  46% (552/1199)
Updating files:  47% (564/1199)
Updating files:  48% (576/1199)
Updating files:  49% (588/1199)
Updating files:  50% (600/1199)
Updating files:  51% (612/1199)
Updating files:  52% (624/1199)
Updating files:  53% (636/1199)
Updating files:  54% (648/1199)
Updating files:  55% (660/1199)
Updating files:  56% (672/1199)
Updating files:  57% (684/1199)
Updating files:  58% (696/1199)
Updating files:  59% (708/1199)
Updating files:  60% (720/1199)
Updating files:  61% (732/1199)
Updating files:  62% (744/1199)
Updating files:  63% (756/1199)
Updating files:  64% (768/1199)
Updating files:  65% (780/1199)
Updating files:  66% (792/1199)
Updating files:  67% (804/1199)
Updating files:  68% (816/1199)
Updating files:  69% (828/1199)
Updating files:  70% (840/1199)
Updating files:  71% (852/1199)
Updating files:  72% (864/1199)
Updating files:  72% (874/1199)
Updating files:  73% (876/1199)
Updating files:  74% (888/1199)
Updating files:  75% (900/1199)
Updating files:  76% (912/1199)
Updating files:  77% (924/1199)
Updating files:  78% (936/1199)
Updating files:  79% (948/1199)
Updating files:  80% (960/1199)
Updating files:  81% (972/1199)
Updating files:  82% (984/1199)
Updating files:  83% (996/1199)
Updating files:  84% (1008/1199)
Updating files:  85% (1020/1199)
Updating files:  86% (1032/1199)
Updating files:  87% (1044/1199)
Updating files:  88% (1056/1199)
Updating files:  89% (1068/1199)
Updating files:  90% (1080/1199)
Updating files:  91% (1092/1199)
Updating files:  92% (1104/1199)
Updating files:  93% (1116/1199)
Updating files:  94% (1128/1199)
Updating files:  95% (1140/1199)
Updating files:  96% (1152/1199)
Updating files:  97% (1164/1199)
Updating files:  98% (1176/1199)
Updating files:  99% (1188/1199)
Updating files: 100% (1199/1199)
Updating files: 100% (1199/1199), done.
fatal: unable to checkout working tree
warning: Clone succeeded, but checkout failed.
You can inspect what was checked out with 'git status'
and retry with 'git restore --source=HEAD :/'


2025-05-26 22:00:15,968 - INFO - Clonando netty/netty...
2025-05-26 22:00:45,034 - INFO - Repositório netty/netty clonado com sucesso.
2025-05-26 22:00:45,035 - INFO - Progresso: 3/10 repositórios clonados.
2025-05-26 22:00:48,753 - INFO - Pulando doocs/leetcode - não usa Maven nem Gradle.
2025-05-26 22:00:50,885 - INFO - Clonando TeamNewPipe/NewPipe...
2025-05-26 22:01:17,597 - INFO - Repositório TeamNewPipe/NewPipe clonado com sucesso.
2025-05-26 22:01:17,605 - INFO - Progresso: 4/10 repositórios clonados.
2025-05-26 22:01:21,157 - INFO - Clonando xkcoding/spring-boot-demo...
2025-05-26 22:01:36,180 - INFO - Repositório xkcoding/spring-boot-demo clonado com sucesso.
2025-05-26 22:01:36,185 - INFO - Progresso: 5/10 repositórios clonados.
2025-05-26 22:01:39,551 - INFO - Clonando Blankj/AndroidUtilCode...
2025-05-26 22:01:50,878 - INFO - Repositório Blankj/AndroidUtilCode clonado com sucesso.
2025-05-26 22:01:50,880 - INFO - Progresso: 6/10 repositórios clonados.
2025-05-26 22:01:53,870 - INFO - Clonando alibaba/easyexcel...
2025-05-26 22:02:02,999 - INFO - Repositório alibaba/easyexcel clonado com sucesso.
2025-05-26 22:02:03,001 - INFO - Progresso: 7/10 repositórios clonados.
2025-05-26 22:02:05,527 - INFO - Clonando zxing/zxing...
2025-05-26 22:03:04,310 - INFO - Repositório zxing/zxing clonado com sucesso.
2025-05-26 22:03:04,313 - INFO - Progresso: 8/10 repositórios clonados.
2025-05-26 22:03:06,855 - INFO - Pulando SeleniumHQ/selenium - não usa Maven nem Gradle.
2025-05-26 22:03:08,641 - INFO - Clonando alibaba/nacos...
2025-05-26 22:03:34,121 - INFO - Repositório alibaba/nacos clonado com sucesso.
2025-05-26 22:03:34,122 - INFO - Progresso: 9/10 repositórios clonados.
2025-05-26 22:03:37,941 - INFO - Clonando YunaiV/ruoyi-vue-pro...
2025-05-26 22:04:23,342 - ERROR - Erro ao clonar YunaiV/ruoyi-vue-pro: Cloning into '../data/repositories\YunaiV_ruoyi-vue-pro'...
error: unable to create file yudao-framework/yudao-spring-boot-starter-biz-data-permission/src/main/java/cn/iocoder/yudao/framework/datapermission/config/YudaoDataPermissionAutoConfiguration.java: Filename too long
error: unable to create file yudao-framework/yudao-spring-boot-starter-biz-data-permission/src/main/java/cn/iocoder/yudao/framework/datapermission/config/YudaoDeptDataPermissionAutoConfiguration.java: Filename too long
error: unable to create file yudao-framework/yudao-spring-boot-starter-biz-data-permission/src/main/java/cn/iocoder/yudao/framework/datapermission/core/aop/DataPermissionAnnotationAdvisor.java: Filename too long
error: unable to create file yudao-framework/yudao-spring-boot-starter-biz-data-permission/src/main/java/cn/iocoder/yudao/framework/datapermission/core/aop/DataPermissionAnnotationInterceptor.java: Filename too long
error: unable to create file yudao-framework/yudao-spring-boot-starter-biz-data-permission/src/main/java/cn/iocoder/yudao/framework/datapermission/core/rule/DataPermissionRuleFactoryImpl.java: Filename too long
error: unable to create file yudao-framework/yudao-spring-boot-starter-biz-data-permission/src/main/java/cn/iocoder/yudao/framework/datapermission/core/rule/dept/DeptDataPermissionRuleCustomizer.java: Filename too long
error: unable to create file yudao-framework/yudao-spring-boot-starter-biz-data-permission/src/test/java/cn/iocoder/yudao/framework/datapermission/core/aop/DataPermissionAnnotationInterceptorTest.java: Filename too long
error: unable to create file yudao-framework/yudao-spring-boot-starter-biz-data-permission/src/test/java/cn/iocoder/yudao/framework/datapermission/core/aop/DataPermissionContextHolderTest.java: Filename too long
error: unable to create file yudao-framework/yudao-spring-boot-starter-biz-data-permission/src/test/java/cn/iocoder/yudao/framework/datapermission/core/rule/DataPermissionRuleFactoryImplTest.java: Filename too long
error: unable to create file yudao-framework/yudao-spring-boot-starter-biz-data-permission/src/test/java/cn/iocoder/yudao/framework/datapermission/core/rule/dept/DeptDataPermissionRuleTest.java: Filename too long
Updating files:   7% (305/4279)
Updating files:   8% (343/4279)
error: unable to create file yudao-framework/yudao-spring-boot-starter-protection/src/main/java/cn/iocoder/yudao/framework/idempotent/core/keyresolver/impl/ExpressionIdempotentKeyResolver.java: Filename too long
Updating files:   9% (386/4279)
error: unable to create file yudao-framework/yudao-spring-boot-starter-protection/src/main/java/cn/iocoder/yudao/framework/ratelimiter/core/keyresolver/impl/ClientIpRateLimiterKeyResolver.java: Filename too long
error: unable to create file yudao-framework/yudao-spring-boot-starter-protection/src/main/java/cn/iocoder/yudao/framework/ratelimiter/core/keyresolver/impl/DefaultRateLimiterKeyResolver.java: Filename too long
error: unable to create file yudao-framework/yudao-spring-boot-starter-protection/src/main/java/cn/iocoder/yudao/framework/ratelimiter/core/keyresolver/impl/ExpressionRateLimiterKeyResolver.java: Filename too long
error: unable to create file yudao-framework/yudao-spring-boot-starter-protection/src/main/java/cn/iocoder/yudao/framework/ratelimiter/core/keyresolver/impl/ServerNodeRateLimiterKeyResolver.java: Filename too long
error: unable to create file yudao-framework/yudao-spring-boot-starter-security/src/main/java/cn/iocoder/yudao/framework/security/core/context/TransmittableThreadLocalSecurityContextHolderStrategy.java: Filename too long
Updating files:  10% (428/4279)
Updating files:  11% (471/4279)
Updating files:  12% (514/4279)
Updating files:  13% (557/4279)
Updating files:  14% (600/4279)
Updating files:  14% (635/4279)
Updating files:  15% (642/4279)
Updating files:  16% (685/4279)
Updating files:  17% (728/4279)
Updating files:  18% (771/4279)
Updating files:  19% (814/4279)
Updating files:  20% (856/4279)
Updating files:  21% (899/4279)
Updating files:  22% (942/4279)
error: unable to create file yudao-module-bpm/src/test/java/cn/iocoder/yudao/module/bpm/framework/flowable/core/candidate/strategy/dept/BpmTaskCandidateStartUserDeptLeaderMultiStrategyTest.java: Filename too long
Updating files:  23% (985/4279)
Updating files:  24% (1027/4279)
Updating files:  24% (1059/4279)
Updating files:  25% (1070/4279)
Updating files:  26% (1113/4279)
Updating files:  27% (1156/4279)
Updating files:  28% (1199/4279)
Updating files:  29% (1241/4279)
Updating files:  30% (1284/4279)
Updating files:  31% (1327/4279)
Updating files:  32% (1370/4279)
Updating files:  33% (1413/4279)
Updating files:  34% (1455/4279)
Updating files:  34% (1482/4279)
Updating files:  35% (1498/4279)
Updating files:  36% (1541/4279)
Updating files:  37% (1584/4279)
Updating files:  38% (1627/4279)
Updating files:  39% (1669/4279)
Updating files:  40% (1712/4279)
Updating files:  41% (1755/4279)
Updating files:  42% (1798/4279)
Updating files:  43% (1840/4279)
Updating files:  43% (1882/4279)
Updating files:  44% (1883/4279)
Updating files:  45% (1926/4279)
Updating files:  46% (1969/4279)
Updating files:  47% (2012/4279)
Updating files:  48% (2054/4279)
Updating files:  49% (2097/4279)
Updating files:  50% (2140/4279)
Updating files:  51% (2183/4279)
Updating files:  52% (2226/4279)
error: unable to create file yudao-module-iot/yudao-module-iot-plugins/yudao-module-iot-plugin-common/src/main/java/cn/iocoder/yudao/module/iot/plugin/common/config/IotPluginCommonAutoConfiguration.java: Filename too long
error: unable to create file yudao-module-iot/yudao-module-iot-plugins/yudao-module-iot-plugin-common/src/main/java/cn/iocoder/yudao/module/iot/plugin/common/config/IotPluginCommonProperties.java: Filename too long
error: unable to create file yudao-module-iot/yudao-module-iot-plugins/yudao-module-iot-plugin-common/src/main/java/cn/iocoder/yudao/module/iot/plugin/common/downstream/IotDeviceDownstreamHandler.java: Filename too long
error: unable to create file yudao-module-iot/yudao-module-iot-plugins/yudao-module-iot-plugin-common/src/main/java/cn/iocoder/yudao/module/iot/plugin/common/downstream/IotDeviceDownstreamServer.java: Filename too long
error: unable to create file yudao-module-iot/yudao-module-iot-plugins/yudao-module-iot-plugin-common/src/main/java/cn/iocoder/yudao/module/iot/plugin/common/downstream/router/IotDeviceConfigSetVertxHandler.java: Filename too long
error: unable to create file yudao-module-iot/yudao-module-iot-plugins/yudao-module-iot-plugin-common/src/main/java/cn/iocoder/yudao/module/iot/plugin/common/downstream/router/IotDeviceOtaUpgradeVertxHandler.java: Filename too long
error: unable to create file yudao-module-iot/yudao-module-iot-plugins/yudao-module-iot-plugin-common/src/main/java/cn/iocoder/yudao/module/iot/plugin/common/downstream/router/IotDevicePropertyGetVertxHandler.java: Filename too long
error: unable to create file yudao-module-iot/yudao-module-iot-plugins/yudao-module-iot-plugin-common/src/main/java/cn/iocoder/yudao/module/iot/plugin/common/downstream/router/IotDevicePropertySetVertxHandler.java: Filename too long
error: unable to create file yudao-module-iot/yudao-module-iot-plugins/yudao-module-iot-plugin-common/src/main/java/cn/iocoder/yudao/module/iot/plugin/common/downstream/router/IotDeviceServiceInvokeVertxHandler.java: Filename too long
error: unable to create file yudao-module-iot/yudao-module-iot-plugins/yudao-module-iot-plugin-common/src/main/java/cn/iocoder/yudao/module/iot/plugin/common/heartbeat/IotPluginInstanceHeartbeatJob.java: Filename too long
error: unable to create file yudao-module-iot/yudao-module-iot-plugins/yudao-module-iot-plugin-common/src/main/java/cn/iocoder/yudao/module/iot/plugin/common/upstream/IotDeviceUpstreamClient.java: Filename too long
error: unable to create file yudao-module-iot/yudao-module-iot-plugins/yudao-module-iot-plugin-common/src/main/resources/META-INF/spring/org.springframework.boot.autoconfigure.AutoConfiguration.imports: Filename too long
error: unable to create file yudao-module-iot/yudao-module-iot-plugins/yudao-module-iot-plugin-emqx/src/main/java/cn/iocoder/yudao/module/iot/plugin/emqx/config/IotPluginEmqxAutoConfiguration.java: Filename too long
error: unable to create file yudao-module-iot/yudao-module-iot-plugins/yudao-module-iot-plugin-emqx/src/main/java/cn/iocoder/yudao/module/iot/plugin/emqx/downstream/IotDeviceDownstreamHandlerImpl.java: Filename too long
error: unable to create file yudao-module-iot/yudao-module-iot-plugins/yudao-module-iot-plugin-emqx/src/main/java/cn/iocoder/yudao/module/iot/plugin/emqx/upstream/IotDeviceUpstreamServer.java: Filename too long
error: unable to create file yudao-module-iot/yudao-module-iot-plugins/yudao-module-iot-plugin-emqx/src/main/java/cn/iocoder/yudao/module/iot/plugin/emqx/upstream/router/IotDeviceAuthVertxHandler.java: Filename too long
error: unable to create file yudao-module-iot/yudao-module-iot-plugins/yudao-module-iot-plugin-emqx/src/main/java/cn/iocoder/yudao/module/iot/plugin/emqx/upstream/router/IotDeviceMqttMessageHandler.java: Filename too long
error: unable to create file yudao-module-iot/yudao-module-iot-plugins/yudao-module-iot-plugin-emqx/src/main/java/cn/iocoder/yudao/module/iot/plugin/emqx/upstream/router/IotDeviceWebhookVertxHandler.java: Filename too long
error: unable to create file yudao-module-iot/yudao-module-iot-plugins/yudao-module-iot-plugin-http/src/main/java/cn/iocoder/yudao/module/iot/plugin/http/config/IotPluginHttpAutoConfiguration.java: Filename too long
error: unable to create file yudao-module-iot/yudao-module-iot-plugins/yudao-module-iot-plugin-http/src/main/java/cn/iocoder/yudao/module/iot/plugin/http/downstream/IotDeviceDownstreamHandlerImpl.java: Filename too long
error: unable to create file yudao-module-iot/yudao-module-iot-plugins/yudao-module-iot-plugin-http/src/main/java/cn/iocoder/yudao/module/iot/plugin/http/upstream/IotDeviceUpstreamServer.java: Filename too long
error: unable to create file yudao-module-iot/yudao-module-iot-plugins/yudao-module-iot-plugin-http/src/main/java/cn/iocoder/yudao/module/iot/plugin/http/upstream/router/IotDeviceUpstreamVertxHandler.java: Filename too long
Updating files:  53% (2268/4279)
Updating files:  53% (2269/4279)
Updating files:  54% (2311/4279)
Updating files:  55% (2354/4279)
Updating files:  56% (2397/4279)
Updating files:  57% (2440/4279)
error: unable to create file yudao-module-mall/yudao-module-promotion/src/main/java/cn/iocoder/yudao/module/promotion/controller/admin/combination/vo/activity/CombinationActivityCreateReqVO.java: Filename too long
error: unable to create file yudao-module-mall/yudao-module-promotion/src/main/java/cn/iocoder/yudao/module/promotion/controller/admin/combination/vo/activity/CombinationActivityPageItemRespVO.java: Filename too long
error: unable to create file yudao-module-mall/yudao-module-promotion/src/main/java/cn/iocoder/yudao/module/promotion/controller/admin/combination/vo/activity/CombinationActivityPageReqVO.java: Filename too long
Updating files:  58% (2482/4279)
error: unable to create file yudao-module-mall/yudao-module-promotion/src/main/java/cn/iocoder/yudao/module/promotion/controller/admin/combination/vo/activity/CombinationActivityUpdateReqVO.java: Filename too long
error: unable to create file yudao-module-mall/yudao-module-promotion/src/main/java/cn/iocoder/yudao/module/promotion/controller/admin/combination/vo/recrod/CombinationRecordPageItemRespVO.java: Filename too long
Updating files:  59% (2525/4279)
error: unable to create file yudao-module-mall/yudao-module-promotion/src/main/java/cn/iocoder/yudao/module/promotion/controller/admin/kefu/vo/conversation/KeFuConversationUpdatePinnedReqVO.java: Filename too long
Updating files:  60% (2568/4279)
error: unable to create file yudao-module-mall/yudao-module-promotion/src/main/java/cn/iocoder/yudao/module/promotion/controller/app/combination/vo/activity/AppCombinationActivityDetailRespVO.java: Filename too long
error: unable to create file yudao-module-mall/yudao-module-promotion/src/main/java/cn/iocoder/yudao/module/promotion/controller/app/combination/vo/record/AppCombinationRecordDetailRespVO.java: Filename too long
error: unable to create file yudao-module-mall/yudao-module-promotion/src/main/java/cn/iocoder/yudao/module/promotion/controller/app/combination/vo/record/AppCombinationRecordSummaryRespVO.java: Filename too long
Updating files:  61% (2611/4279)
Updating files:  62% (2653/4279)
Updating files:  62% (2687/4279)
Updating files:  63% (2696/4279)
Updating files:  64% (2739/4279)
Updating files:  65% (2782/4279)
Updating files:  66% (2825/4279)
Updating files:  67% (2867/4279)
Updating files:  68% (2910/4279)
error: unable to create file yudao-module-mall/yudao-module-trade/src/main/java/cn/iocoder/yudao/module/trade/controller/admin/delivery/vo/expresstemplate/DeliveryExpressTemplateChargeBaseVO.java: Filename too long
error: unable to create file yudao-module-mall/yudao-module-trade/src/main/java/cn/iocoder/yudao/module/trade/controller/admin/delivery/vo/expresstemplate/DeliveryExpressTemplateCreateReqVO.java: Filename too long
error: unable to create file yudao-module-mall/yudao-module-trade/src/main/java/cn/iocoder/yudao/module/trade/controller/admin/delivery/vo/expresstemplate/DeliveryExpressTemplateDetailRespVO.java: Filename too long
error: unable to create file yudao-module-mall/yudao-module-trade/src/main/java/cn/iocoder/yudao/module/trade/controller/admin/delivery/vo/expresstemplate/DeliveryExpressTemplateFreeBaseVO.java: Filename too long
error: unable to create file yudao-module-mall/yudao-module-trade/src/main/java/cn/iocoder/yudao/module/trade/controller/admin/delivery/vo/expresstemplate/DeliveryExpressTemplatePageReqVO.java: Filename too long
error: unable to create file yudao-module-mall/yudao-module-trade/src/main/java/cn/iocoder/yudao/module/trade/controller/admin/delivery/vo/expresstemplate/DeliveryExpressTemplateSimpleRespVO.java: Filename too long
error: unable to create file yudao-module-mall/yudao-module-trade/src/main/java/cn/iocoder/yudao/module/trade/controller/admin/delivery/vo/expresstemplate/DeliveryExpressTemplateUpdateReqVO.java: Filename too long
Updating files:  69% (2953/4279)
Updating files:  70% (2996/4279)
Updating files:  71% (3039/4279)
Updating files:  72% (3081/4279)
Updating files:  73% (3124/4279)
Updating files:  73% (3127/4279)
Updating files:  74% (3167/4279)
Updating files:  75% (3210/4279)
Updating files:  76% (3253/4279)
Updating files:  77% (3295/4279)
Updating files:  78% (3338/4279)
Updating files:  79% (3381/4279)
Updating files:  80% (3424/4279)
Updating files:  81% (3466/4279)
Updating files:  81% (3470/4279)
Updating files:  82% (3509/4279)
Updating files:  83% (3552/4279)
Updating files:  84% (3595/4279)
Updating files:  85% (3638/4279)
Updating files:  86% (3680/4279)
Updating files:  87% (3723/4279)
Updating files:  88% (3766/4279)
Updating files:  89% (3809/4279)
Updating files:  89% (3818/4279)
Updating files:  90% (3852/4279)
Updating files:  91% (3894/4279)
Updating files:  92% (3937/4279)
Updating files:  93% (3980/4279)
Updating files:  94% (4023/4279)
Updating files:  95% (4066/4279)
Updating files:  96% (4108/4279)
Updating files:  97% (4151/4279)
Updating files:  98% (4194/4279)
Updating files:  98% (4201/4279)
Updating files:  99% (4237/4279)
Updating files: 100% (4279/4279)
Updating files: 100% (4279/4279), done.
fatal: unable to checkout working tree
warning: Clone succeeded, but checkout failed.
You can inspect what was checked out with 'git status'
and retry with 'git restore --source=HEAD :/'


2025-05-26 22:04:26,658 - INFO - Clonando binarywang/WxJava...
2025-05-26 22:04:44,309 - ERROR - Erro ao clonar binarywang/WxJava: Cloning into '../data/repositories\binarywang_WxJava'...
error: unable to create file spring-boot-starters/wx-java-channel-multi-spring-boot-starter/src/main/java/com/binarywang/spring/starter/wxjava/channel/autoconfigure/WxChannelMultiAutoConfiguration.java: Filename too long
error: unable to create file spring-boot-starters/wx-java-channel-multi-spring-boot-starter/src/main/java/com/binarywang/spring/starter/wxjava/channel/configuration/WxChannelMultiServiceConfiguration.java: Filename too long
error: unable to create file spring-boot-starters/wx-java-channel-multi-spring-boot-starter/src/main/java/com/binarywang/spring/starter/wxjava/channel/configuration/services/AbstractWxChannelConfiguration.java: Filename too long
error: unable to create file spring-boot-starters/wx-java-channel-multi-spring-boot-starter/src/main/java/com/binarywang/spring/starter/wxjava/channel/configuration/services/WxChannelInJedisConfiguration.java: Filename too long
error: unable to create file spring-boot-starters/wx-java-channel-multi-spring-boot-starter/src/main/java/com/binarywang/spring/starter/wxjava/channel/configuration/services/WxChannelInMemoryConfiguration.java: Filename too long
error: unable to create file spring-boot-starters/wx-java-channel-multi-spring-boot-starter/src/main/java/com/binarywang/spring/starter/wxjava/channel/configuration/services/WxChannelInRedisTemplateConfiguration.java: Filename too long
error: unable to create file spring-boot-starters/wx-java-channel-multi-spring-boot-starter/src/main/java/com/binarywang/spring/starter/wxjava/channel/configuration/services/WxChannelInRedissonConfiguration.java: Filename too long
error: unable to create file spring-boot-starters/wx-java-channel-multi-spring-boot-starter/src/main/java/com/binarywang/spring/starter/wxjava/channel/properties/WxChannelMultiRedisProperties.java: Filename too long
error: unable to create file spring-boot-starters/wx-java-channel-spring-boot-starter/src/main/java/com/binarywang/spring/starter/wxjava/channel/config/storage/AbstractWxChannelConfigStorageConfiguration.java: Filename too long
error: unable to create file spring-boot-starters/wx-java-channel-spring-boot-starter/src/main/java/com/binarywang/spring/starter/wxjava/channel/config/storage/WxChannelInJedisConfigStorageConfiguration.java: Filename too long
error: unable to create file spring-boot-starters/wx-java-channel-spring-boot-starter/src/main/java/com/binarywang/spring/starter/wxjava/channel/config/storage/WxChannelInMemoryConfigStorageConfiguration.java: Filename too long
error: unable to create file spring-boot-starters/wx-java-channel-spring-boot-starter/src/main/java/com/binarywang/spring/starter/wxjava/channel/config/storage/WxChannelInRedisTemplateConfigStorageConfiguration.java: Filename too long
error: unable to create file spring-boot-starters/wx-java-channel-spring-boot-starter/src/main/java/com/binarywang/spring/starter/wxjava/channel/config/storage/WxChannelInRedissonConfigStorageConfiguration.java: Filename too long
error: unable to create file spring-boot-starters/wx-java-cp-multi-spring-boot-starter/src/main/java/com/binarywang/spring/starter/wxjava/cp/configuration/WxCpMultiServicesAutoConfiguration.java: Filename too long
error: unable to create file spring-boot-starters/wx-java-cp-multi-spring-boot-starter/src/main/java/com/binarywang/spring/starter/wxjava/cp/configuration/services/AbstractWxCpConfiguration.java: Filename too long
error: unable to create file spring-boot-starters/wx-java-cp-multi-spring-boot-starter/src/main/java/com/binarywang/spring/starter/wxjava/cp/configuration/services/WxCpInMemoryConfiguration.java: Filename too long
error: unable to create file spring-boot-starters/wx-java-cp-multi-spring-boot-starter/src/main/java/com/binarywang/spring/starter/wxjava/cp/configuration/services/WxCpInRedisTemplateConfiguration.java: Filename too long
error: unable to create file spring-boot-starters/wx-java-cp-multi-spring-boot-starter/src/main/java/com/binarywang/spring/starter/wxjava/cp/configuration/services/WxCpInRedissonConfiguration.java: Filename too long
error: unable to create file spring-boot-starters/wx-java-miniapp-multi-spring-boot-starter/src/main/java/com/binarywang/spring/starter/wxjava/miniapp/autoconfigure/WxMaMultiAutoConfiguration.java: Filename too long
error: unable to create file spring-boot-starters/wx-java-miniapp-multi-spring-boot-starter/src/main/java/com/binarywang/spring/starter/wxjava/miniapp/configuration/WxMaMultiServiceConfiguration.java: Filename too long
error: unable to create file spring-boot-starters/wx-java-miniapp-multi-spring-boot-starter/src/main/java/com/binarywang/spring/starter/wxjava/miniapp/configuration/services/AbstractWxMaConfiguration.java: Filename too long
error: unable to create file spring-boot-starters/wx-java-miniapp-multi-spring-boot-starter/src/main/java/com/binarywang/spring/starter/wxjava/miniapp/configuration/services/WxMaInJedisConfiguration.java: Filename too long
error: unable to create file spring-boot-starters/wx-java-miniapp-multi-spring-boot-starter/src/main/java/com/binarywang/spring/starter/wxjava/miniapp/configuration/services/WxMaInMemoryConfiguration.java: Filename too long
error: unable to create file spring-boot-starters/wx-java-miniapp-multi-spring-boot-starter/src/main/java/com/binarywang/spring/starter/wxjava/miniapp/configuration/services/WxMaInRedissonConfiguration.java: Filename too long
error: unable to create file spring-boot-starters/wx-java-miniapp-spring-boot-starter/src/main/java/com/binarywang/spring/starter/wxjava/miniapp/config/storage/AbstractWxMaConfigStorageConfiguration.java: Filename too long
error: unable to create file spring-boot-starters/wx-java-miniapp-spring-boot-starter/src/main/java/com/binarywang/spring/starter/wxjava/miniapp/config/storage/WxMaInJedisConfigStorageConfiguration.java: Filename too long
error: unable to create file spring-boot-starters/wx-java-miniapp-spring-boot-starter/src/main/java/com/binarywang/spring/starter/wxjava/miniapp/config/storage/WxMaInMemoryConfigStorageConfiguration.java: Filename too long
error: unable to create file spring-boot-starters/wx-java-miniapp-spring-boot-starter/src/main/java/com/binarywang/spring/starter/wxjava/miniapp/config/storage/WxMaInRedisTemplateConfigStorageConfiguration.java: Filename too long
error: unable to create file spring-boot-starters/wx-java-miniapp-spring-boot-starter/src/main/java/com/binarywang/spring/starter/wxjava/miniapp/config/storage/WxMaInRedissonConfigStorageConfiguration.java: Filename too long
Updating files:   7% (291/3694)
error: unable to create file spring-boot-starters/wx-java-mp-multi-spring-boot-starter/src/main/java/com/binarywang/spring/starter/wxjava/mp/configuration/services/AbstractWxMpConfiguration.java: Filename too long
error: unable to create file spring-boot-starters/wx-java-mp-multi-spring-boot-starter/src/main/java/com/binarywang/spring/starter/wxjava/mp/configuration/services/WxMpInMemoryConfiguration.java: Filename too long
error: unable to create file spring-boot-starters/wx-java-mp-multi-spring-boot-starter/src/main/java/com/binarywang/spring/starter/wxjava/mp/configuration/services/WxMpInRedisTemplateConfiguration.java: Filename too long
error: unable to create file spring-boot-starters/wx-java-mp-multi-spring-boot-starter/src/main/java/com/binarywang/spring/starter/wxjava/mp/configuration/services/WxMpInRedissonConfiguration.java: Filename too long
Updating files:   8% (296/3694)
error: unable to create file spring-boot-starters/wx-java-open-spring-boot-starter/src/main/java/com/binarywang/spring/starter/wxjava/open/config/storage/AbstractWxOpenConfigStorageConfiguration.java: Filename too long
error: unable to create file spring-boot-starters/wx-java-open-spring-boot-starter/src/main/java/com/binarywang/spring/starter/wxjava/open/config/storage/WxOpenInJedisConfigStorageConfiguration.java: Filename too long
error: unable to create file spring-boot-starters/wx-java-open-spring-boot-starter/src/main/java/com/binarywang/spring/starter/wxjava/open/config/storage/WxOpenInMemoryConfigStorageConfiguration.java: Filename too long
error: unable to create file spring-boot-starters/wx-java-open-spring-boot-starter/src/main/java/com/binarywang/spring/starter/wxjava/open/config/storage/WxOpenInRedisTemplateConfigStorageConfiguration.java: Filename too long
error: unable to create file spring-boot-starters/wx-java-open-spring-boot-starter/src/main/java/com/binarywang/spring/starter/wxjava/open/config/storage/WxOpenInRedissonConfigStorageConfiguration.java: Filename too long
Updating files:   9% (333/3694)
Updating files:  10% (370/3694)
Updating files:  11% (407/3694)
Updating files:  12% (444/3694)
Updating files:  13% (481/3694)
Updating files:  14% (518/3694)
Updating files:  15% (555/3694)
Updating files:  16% (592/3694)
Updating files:  17% (628/3694)
Updating files:  18% (665/3694)
Updating files:  19% (702/3694)
Updating files:  19% (727/3694)
Updating files:  20% (739/3694)
Updating files:  21% (776/3694)
Updating files:  22% (813/3694)
Updating files:  23% (850/3694)
Updating files:  24% (887/3694)
Updating files:  25% (924/3694)
Updating files:  26% (961/3694)
Updating files:  27% (998/3694)
Updating files:  28% (1035/3694)
Updating files:  29% (1072/3694)
Updating files:  30% (1109/3694)
Updating files:  31% (1146/3694)
Updating files:  31% (1168/3694)
Updating files:  32% (1183/3694)
Updating files:  33% (1220/3694)
Updating files:  34% (1256/3694)
Updating files:  35% (1293/3694)
Updating files:  36% (1330/3694)
Updating files:  37% (1367/3694)
Updating files:  38% (1404/3694)
Updating files:  39% (1441/3694)
Updating files:  40% (1478/3694)
Updating files:  41% (1515/3694)
Updating files:  42% (1552/3694)
Updating files:  43% (1589/3694)
Updating files:  44% (1626/3694)
Updating files:  44% (1653/3694)
Updating files:  45% (1663/3694)
Updating files:  46% (1700/3694)
Updating files:  47% (1737/3694)
Updating files:  48% (1774/3694)
Updating files:  49% (1811/3694)
Updating files:  50% (1847/3694)
Updating files:  51% (1884/3694)
Updating files:  52% (1921/3694)
Updating files:  53% (1958/3694)
Updating files:  54% (1995/3694)
Updating files:  55% (2032/3694)
Updating files:  56% (2069/3694)
Updating files:  56% (2086/3694)
Updating files:  57% (2106/3694)
Updating files:  58% (2143/3694)
Updating files:  59% (2180/3694)
Updating files:  60% (2217/3694)
Updating files:  61% (2254/3694)
Updating files:  62% (2291/3694)
Updating files:  63% (2328/3694)
Updating files:  64% (2365/3694)
Updating files:  65% (2402/3694)
Updating files:  66% (2439/3694)
Updating files:  67% (2475/3694)
Updating files:  68% (2512/3694)
Updating files:  68% (2539/3694)
Updating files:  69% (2549/3694)
Updating files:  70% (2586/3694)
Updating files:  71% (2623/3694)
Updating files:  72% (2660/3694)
Updating files:  73% (2697/3694)
Updating files:  74% (2734/3694)
Updating files:  75% (2771/3694)
Updating files:  76% (2808/3694)
Updating files:  77% (2845/3694)
Updating files:  78% (2882/3694)
Updating files:  79% (2919/3694)
Updating files:  80% (2956/3694)
Updating files:  80% (2961/3694)
Updating files:  81% (2993/3694)
Updating files:  82% (3030/3694)
Updating files:  83% (3067/3694)
Updating files:  84% (3103/3694)
Updating files:  85% (3140/3694)
Updating files:  86% (3177/3694)
Updating files:  87% (3214/3694)
Updating files:  88% (3251/3694)
Updating files:  89% (3288/3694)
Updating files:  90% (3325/3694)
Updating files:  91% (3362/3694)
Updating files:  92% (3399/3694)
Updating files:  93% (3436/3694)
Updating files:  93% (3472/3694)
Updating files:  94% (3473/3694)
Updating files:  95% (3510/3694)
Updating files:  96% (3547/3694)
Updating files:  97% (3584/3694)
Updating files:  98% (3621/3694)
Updating files:  99% (3658/3694)
Updating files: 100% (3694/3694)
Updating files: 100% (3694/3694), done.
fatal: unable to checkout working tree
warning: Clone succeeded, but checkout failed.
You can inspect what was checked out with 'git status'
and retry with 'git restore --source=HEAD :/'


2025-05-26 22:04:47,538 - INFO - Pulando ityouknow/spring-boot-examples - não usa Maven nem Gradle.
2025-05-26 22:04:49,802 - INFO - Clonando apache/kafka...
2025-05-26 22:06:04,827 - INFO - Repositório apache/kafka clonado com sucesso.
2025-05-26 22:06:04,827 - INFO - Progresso: 10/10 repositórios clonados.
2025-05-26 22:06:05,846 - INFO - Clonados 10 novos repositórios.
2025-05-26 22:06:05,846 - INFO - Resultados salvos em ../data/clone_logs\clone_results.json
